[ 2024-05-08T16:14:00+08:00 ] 127.0.0.1 /index.php/home/api/addimg
INFO: [ app_init ] --START--
INFO: Run Behavior\BuildLiteBehavior [ RunTime:0.000008s ]
INFO: [ app_init ] --END-- [ RunTime:0.000579s ]
INFO: [ app_begin ] --START--
INFO: Run Behavior\ReadHtmlCacheBehavior [ RunTime:0.000270s ]
INFO: [ app_begin ] --END-- [ RunTime:0.000280s ]
INFO: [ view_parse ] --START--
INFO: [ template_filter ] --START--
INFO: Run Behavior\ContentReplaceBehavior [ RunTime:0.001509s ]
INFO: [ template_filter ] --END-- [ RunTime:0.001528s ]
INFO: Run Behavior\ParseTemplateBehavior [ RunTime:0.005982s ]
INFO: [ view_parse ] --END-- [ RunTime:0.005996s ]
INFO: [ view_filter ] --START--
INFO: Run Behavior\WriteHtmlCacheBehavior [ RunTime:0.000144s ]
INFO: [ view_filter ] --END-- [ RunTime:0.000151s ]
INFO: [ app_end ] --START--
INFO: Run Behavior\ShowPageTraceBehavior [ RunTime:0.000229s ]
INFO: [ app_end ] --END-- [ RunTime:0.000236s ]

[ 2024-05-08T16:14:06+08:00 ] 127.0.0.1 /index.php/Home/api/addImgDo.html
INFO: [ app_init ] --START--
INFO: Run Behavior\BuildLiteBehavior [ RunTime:0.000005s ]
INFO: [ app_init ] --END-- [ RunTime:0.000137s ]
INFO: [ app_begin ] --START--
INFO: Run Behavior\ReadHtmlCacheBehavior [ RunTime:0.000182s ]
INFO: [ app_begin ] --END-- [ RunTime:0.000191s ]
NOTIC: [2] scandir(/Img/LOL/,/Img/LOL/): ÏµÍ³ÕÒ²»µ½Ö¸¶¨µÄÂ·¾¶¡£ (code: 3) D:\Work\phpstudy_pro\WWW\tool\Application\Home\Controller\ApiController.class.php ç¬¬ 26 è¡Œ.
NOTIC: [2] scandir(/Img/LOL/): failed to open dir: No such file or directory D:\Work\phpstudy_pro\WWW\tool\Application\Home\Controller\ApiController.class.php ç¬¬ 26 è¡Œ.
NOTIC: [2] scandir(): (errno 2): No such file or directory D:\Work\phpstudy_pro\WWW\tool\Application\Home\Controller\ApiController.class.php ç¬¬ 26 è¡Œ.
NOTIC: [2] Invalid argument supplied for foreach() D:\Work\phpstudy_pro\WWW\tool\Application\Home\Controller\ApiController.class.php ç¬¬ 28 è¡Œ.
ERR: Modulo by zero

[ 2024-05-08T16:15:07+08:00 ] 127.0.0.1 /index.php/home/api/addimg
INFO: [ app_init ] --START--
INFO: Run Behavior\BuildLiteBehavior [ RunTime:0.000005s ]
INFO: [ app_init ] --END-- [ RunTime:0.000125s ]
INFO: [ app_begin ] --START--
INFO: Run Behavior\ReadHtmlCacheBehavior [ RunTime:0.000180s ]
INFO: [ app_begin ] --END-- [ RunTime:0.000189s ]
INFO: [ view_parse ] --START--
INFO: [ template_filter ] --START--
INFO: Run Behavior\ContentReplaceBehavior [ RunTime:0.000026s ]
INFO: [ template_filter ] --END-- [ RunTime:0.000045s ]
INFO: Run Behavior\ParseTemplateBehavior [ RunTime:0.002996s ]
INFO: [ view_parse ] --END-- [ RunTime:0.003010s ]
INFO: [ view_filter ] --START--
INFO: Run Behavior\WriteHtmlCacheBehavior [ RunTime:0.000191s ]
INFO: [ view_filter ] --END-- [ RunTime:0.000200s ]
INFO: [ app_end ] --START--
INFO: Run Behavior\ShowPageTraceBehavior [ RunTime:0.000437s ]
INFO: [ app_end ] --END-- [ RunTime:0.000447s ]

[ 2024-05-08T16:15:20+08:00 ] 127.0.0.1 /index.php/Home/api/addImgDo.html
INFO: [ app_init ] --START--
INFO: Run Behavior\BuildLiteBehavior [ RunTime:0.000004s ]
INFO: [ app_init ] --END-- [ RunTime:0.000162s ]
INFO: [ app_begin ] --START--
INFO: Run Behavior\ReadHtmlCacheBehavior [ RunTime:0.000186s ]
INFO: [ app_begin ] --END-- [ RunTime:0.000197s ]
NOTIC: [2] scandir(/Img/LOL/,/Img/LOL/): ÏµÍ³ÕÒ²»µ½Ö¸¶¨µÄÂ·¾¶¡£ (code: 3) D:\Work\phpstudy_pro\WWW\tool\Application\Home\Controller\ApiController.class.php ç¬¬ 26 è¡Œ.
NOTIC: [2] scandir(/Img/LOL/): failed to open dir: No such file or directory D:\Work\phpstudy_pro\WWW\tool\Application\Home\Controller\ApiController.class.php ç¬¬ 26 è¡Œ.
NOTIC: [2] scandir(): (errno 2): No such file or directory D:\Work\phpstudy_pro\WWW\tool\Application\Home\Controller\ApiController.class.php ç¬¬ 26 è¡Œ.
NOTIC: [2] Invalid argument supplied for foreach() D:\Work\phpstudy_pro\WWW\tool\Application\Home\Controller\ApiController.class.php ç¬¬ 28 è¡Œ.
ERR: Modulo by zero

[ 2024-05-08T16:16:43+08:00 ] 127.0.0.1 /index.php/home/api/addimg
INFO: [ app_init ] --START--
INFO: Run Behavior\BuildLiteBehavior [ RunTime:0.000004s ]
INFO: [ app_init ] --END-- [ RunTime:0.000142s ]
INFO: [ app_begin ] --START--
INFO: Run Behavior\ReadHtmlCacheBehavior [ RunTime:0.000228s ]
INFO: [ app_begin ] --END-- [ RunTime:0.000239s ]
INFO: [ view_parse ] --START--
INFO: [ template_filter ] --START--
INFO: Run Behavior\ContentReplaceBehavior [ RunTime:0.000018s ]
INFO: [ template_filter ] --END-- [ RunTime:0.000032s ]
INFO: Run Behavior\ParseTemplateBehavior [ RunTime:0.002606s ]
INFO: [ view_parse ] --END-- [ RunTime:0.002620s ]
INFO: [ view_filter ] --START--
INFO: Run Behavior\WriteHtmlCacheBehavior [ RunTime:0.000147s ]
INFO: [ view_filter ] --END-- [ RunTime:0.000153s ]
INFO: [ app_end ] --START--
INFO: Run Behavior\ShowPageTraceBehavior [ RunTime:0.000213s ]
INFO: [ app_end ] --END-- [ RunTime:0.000221s ]

[ 2024-05-08T16:16:52+08:00 ] 127.0.0.1 /index.php/Home/api/addImgDo.html
INFO: [ app_init ] --START--
INFO: Run Behavior\BuildLiteBehavior [ RunTime:0.000005s ]
INFO: [ app_init ] --END-- [ RunTime:0.000178s ]
INFO: [ app_begin ] --START--
INFO: Run Behavior\ReadHtmlCacheBehavior [ RunTime:0.000217s ]
INFO: [ app_begin ] --END-- [ RunTime:0.000229s ]
NOTIC: [8] Undefined offset: 0 D:\Work\phpstudy_pro\WWW\tool\Application\Home\Controller\ApiController.class.php ç¬¬ 48 è¡Œ.
NOTIC: [8] Undefined offset: 1 D:\Work\phpstudy_pro\WWW\tool\Application\Home\Controller\ApiController.class.php ç¬¬ 48 è¡Œ.
NOTIC: [8] Undefined offset: 0 D:\Work\phpstudy_pro\WWW\tool\Application\Home\Controller\ApiController.class.php ç¬¬ 48 è¡Œ.
NOTIC: [8] Undefined offset: 1 D:\Work\phpstudy_pro\WWW\tool\Application\Home\Controller\ApiController.class.php ç¬¬ 48 è¡Œ.
NOTIC: [8] Undefined offset: 0 D:\Work\phpstudy_pro\WWW\tool\Application\Home\Controller\ApiController.class.php ç¬¬ 48 è¡Œ.
NOTIC: [8] Undefined offset: 1 D:\Work\phpstudy_pro\WWW\tool\Application\Home\Controller\ApiController.class.php ç¬¬ 48 è¡Œ.
NOTIC: [8] Undefined offset: 0 D:\Work\phpstudy_pro\WWW\tool\Application\Home\Controller\ApiController.class.php ç¬¬ 48 è¡Œ.
NOTIC: [8] Undefined offset: 1 D:\Work\phpstudy_pro\WWW\tool\Application\Home\Controller\ApiController.class.php ç¬¬ 48 è¡Œ.
NOTIC: [8] Undefined offset: 0 D:\Work\phpstudy_pro\WWW\tool\Application\Home\Controller\ApiController.class.php ç¬¬ 48 è¡Œ.
NOTIC: [8] Undefined offset: 1 D:\Work\phpstudy_pro\WWW\tool\Application\Home\Controller\ApiController.class.php ç¬¬ 48 è¡Œ.
NOTIC: [8] Undefined offset: 0 D:\Work\phpstudy_pro\WWW\tool\Application\Home\Controller\ApiController.class.php ç¬¬ 48 è¡Œ.
NOTIC: [8] Undefined offset: 1 D:\Work\phpstudy_pro\WWW\tool\Application\Home\Controller\ApiController.class.php ç¬¬ 48 è¡Œ.
NOTIC: [8] Undefined offset: 0 D:\Work\phpstudy_pro\WWW\tool\Application\Home\Controller\ApiController.class.php ç¬¬ 48 è¡Œ.
NOTIC: [8] Undefined offset: 1 D:\Work\phpstudy_pro\WWW\tool\Application\Home\Controller\ApiController.class.php ç¬¬ 48 è¡Œ.
NOTIC: [8] Undefined offset: 0 D:\Work\phpstudy_pro\WWW\tool\Application\Home\Controller\ApiController.class.php ç¬¬ 48 è¡Œ.
NOTIC: [8] Undefined offset: 1 D:\Work\phpstudy_pro\WWW\tool\Application\Home\Controller\ApiController.class.php ç¬¬ 48 è¡Œ.
NOTIC: [8] Undefined offset: 0 D:\Work\phpstudy_pro\WWW\tool\Application\Home\Controller\ApiController.class.php ç¬¬ 48 è¡Œ.
NOTIC: [8] Undefined offset: 1 D:\Work\phpstudy_pro\WWW\tool\Application\Home\Controller\ApiController.class.php ç¬¬ 48 è¡Œ.
NOTIC: [8] Undefined offset: 0 D:\Work\phpstudy_pro\WWW\tool\Application\Home\Controller\ApiController.class.php ç¬¬ 48 è¡Œ.
NOTIC: [8] Undefined offset: 1 D:\Work\phpstudy_pro\WWW\tool\Application\Home\Controller\ApiController.class.php ç¬¬ 48 è¡Œ.
NOTIC: [8] Undefined offset: 0 D:\Work\phpstudy_pro\WWW\tool\Application\Home\Controller\ApiController.class.php ç¬¬ 48 è¡Œ.
NOTIC: [8] Undefined offset: 1 D:\Work\phpstudy_pro\WWW\tool\Application\Home\Controller\ApiController.class.php ç¬¬ 48 è¡Œ.
NOTIC: [8] Undefined offset: 0 D:\Work\phpstudy_pro\WWW\tool\Application\Home\Controller\ApiController.class.php ç¬¬ 48 è¡Œ.
NOTIC: [8] Undefined offset: 1 D:\Work\phpstudy_pro\WWW\tool\Application\Home\Controller\ApiController.class.php ç¬¬ 48 è¡Œ.
NOTIC: [8] Undefined offset: 0 D:\Work\phpstudy_pro\WWW\tool\Application\Home\Controller\ApiController.class.php ç¬¬ 48 è¡Œ.
NOTIC: [8] Undefined offset: 1 D:\Work\phpstudy_pro\WWW\tool\Application\Home\Controller\ApiController.class.php ç¬¬ 48 è¡Œ.
NOTIC: [8] Undefined offset: 0 D:\Work\phpstudy_pro\WWW\tool\Application\Home\Controller\ApiController.class.php ç¬¬ 48 è¡Œ.
NOTIC: [8] Undefined offset: 1 D:\Work\phpstudy_pro\WWW\tool\Application\Home\Controller\ApiController.class.php ç¬¬ 48 è¡Œ.
NOTIC: [8] Undefined offset: 0 D:\Work\phpstudy_pro\WWW\tool\Application\Home\Controller\ApiController.class.php ç¬¬ 48 è¡Œ.
NOTIC: [8] Undefined offset: 1 D:\Work\phpstudy_pro\WWW\tool\Application\Home\Controller\ApiController.class.php ç¬¬ 48 è¡Œ.
NOTIC: [8] Undefined offset: 0 D:\Work\phpstudy_pro\WWW\tool\Application\Home\Controller\ApiController.class.php ç¬¬ 48 è¡Œ.
NOTIC: [8] Undefined offset: 1 D:\Work\phpstudy_pro\WWW\tool\Application\Home\Controller\ApiController.class.php ç¬¬ 48 è¡Œ.
NOTIC: [8] Undefined offset: 0 D:\Work\phpstudy_pro\WWW\tool\Application\Home\Controller\ApiController.class.php ç¬¬ 48 è¡Œ.
NOTIC: [8] Undefined offset: 1 D:\Work\phpstudy_pro\WWW\tool\Application\Home\Controller\ApiController.class.php ç¬¬ 48 è¡Œ.
NOTIC: [8] Undefined offset: 0 D:\Work\phpstudy_pro\WWW\tool\Application\Home\Controller\ApiController.class.php ç¬¬ 48 è¡Œ.
NOTIC: [8] Undefined offset: 1 D:\Work\phpstudy_pro\WWW\tool\Application\Home\Controller\ApiController.class.php ç¬¬ 48 è¡Œ.
NOTIC: [8] Undefined offset: 0 D:\Work\phpstudy_pro\WWW\tool\Application\Home\Controller\ApiController.class.php ç¬¬ 48 è¡Œ.
NOTIC: [8] Undefined offset: 1 D:\Work\phpstudy_pro\WWW\tool\Application\Home\Controller\ApiController.class.php ç¬¬ 48 è¡Œ.
NOTIC: [8] Undefined offset: 0 D:\Work\phpstudy_pro\WWW\tool\Application\Home\Controller\ApiController.class.php ç¬¬ 48 è¡Œ.
NOTIC: [8] Undefined offset: 1 D:\Work\phpstudy_pro\WWW\tool\Application\Home\Controller\ApiController.class.php ç¬¬ 48 è¡Œ.
NOTIC: [8] Undefined offset: 0 D:\Work\phpstudy_pro\WWW\tool\Application\Home\Controller\ApiController.class.php ç¬¬ 48 è¡Œ.
NOTIC: [8] Undefined offset: 1 D:\Work\phpstudy_pro\WWW\tool\Application\Home\Controller\ApiController.class.php ç¬¬ 48 è¡Œ.
NOTIC: [8] Undefined offset: 0 D:\Work\phpstudy_pro\WWW\tool\Application\Home\Controller\ApiController.class.php ç¬¬ 48 è¡Œ.
NOTIC: [8] Undefined offset: 1 D:\Work\phpstudy_pro\WWW\tool\Application\Home\Controller\ApiController.class.php ç¬¬ 48 è¡Œ.
NOTIC: [8] Undefined offset: 0 D:\Work\phpstudy_pro\WWW\tool\Application\Home\Controller\ApiController.class.php ç¬¬ 48 è¡Œ.
NOTIC: [8] Undefined offset: 1 D:\Work\phpstudy_pro\WWW\tool\Application\Home\Controller\ApiController.class.php ç¬¬ 48 è¡Œ.
NOTIC: [8] Undefined offset: 0 D:\Work\phpstudy_pro\WWW\tool\Application\Home\Controller\ApiController.class.php ç¬¬ 48 è¡Œ.
NOTIC: [8] Undefined offset: 1 D:\Work\phpstudy_pro\WWW\tool\Application\Home\Controller\ApiController.class.php ç¬¬ 48 è¡Œ.
NOTIC: [8] Undefined offset: 0 D:\Work\phpstudy_pro\WWW\tool\Application\Home\Controller\ApiController.class.php ç¬¬ 48 è¡Œ.
NOTIC: [8] Undefined offset: 1 D:\Work\phpstudy_pro\WWW\tool\Application\Home\Controller\ApiController.class.php ç¬¬ 48 è¡Œ.
NOTIC: [8] Undefined offset: 0 D:\Work\phpstudy_pro\WWW\tool\Application\Home\Controller\ApiController.class.php ç¬¬ 48 è¡Œ.
NOTIC: [8] Undefined offset: 1 D:\Work\phpstudy_pro\WWW\tool\Application\Home\Controller\ApiController.class.php ç¬¬ 48 è¡Œ.
NOTIC: [8] Undefined offset: 0 D:\Work\phpstudy_pro\WWW\tool\Application\Home\Controller\ApiController.class.php ç¬¬ 48 è¡Œ.
NOTIC: [8] Undefined offset: 1 D:\Work\phpstudy_pro\WWW\tool\Application\Home\Controller\ApiController.class.php ç¬¬ 48 è¡Œ.
NOTIC: [8] Undefined offset: 0 D:\Work\phpstudy_pro\WWW\tool\Application\Home\Controller\ApiController.class.php ç¬¬ 48 è¡Œ.
NOTIC: [8] Undefined offset: 1 D:\Work\phpstudy_pro\WWW\tool\Application\Home\Controller\ApiController.class.php ç¬¬ 48 è¡Œ.
NOTIC: [8] Undefined offset: 0 D:\Work\phpstudy_pro\WWW\tool\Application\Home\Controller\ApiController.class.php ç¬¬ 48 è¡Œ.
NOTIC: [8] Undefined offset: 1 D:\Work\phpstudy_pro\WWW\tool\Application\Home\Controller\ApiController.class.php ç¬¬ 48 è¡Œ.
NOTIC: [8] Undefined offset: 0 D:\Work\phpstudy_pro\WWW\tool\Application\Home\Controller\ApiController.class.php ç¬¬ 48 è¡Œ.
NOTIC: [8] Undefined offset: 1 D:\Work\phpstudy_pro\WWW\tool\Application\Home\Controller\ApiController.class.php ç¬¬ 48 è¡Œ.
NOTIC: [8] Undefined offset: 0 D:\Work\phpstudy_pro\WWW\tool\Application\Home\Controller\ApiController.class.php ç¬¬ 48 è¡Œ.
NOTIC: [8] Undefined offset: 1 D:\Work\phpstudy_pro\WWW\tool\Application\Home\Controller\ApiController.class.php ç¬¬ 48 è¡Œ.
NOTIC: [8] Undefined offset: 0 D:\Work\phpstudy_pro\WWW\tool\Application\Home\Controller\ApiController.class.php ç¬¬ 48 è¡Œ.
NOTIC: [8] Undefined offset: 1 D:\Work\phpstudy_pro\WWW\tool\Application\Home\Controller\ApiController.class.php ç¬¬ 48 è¡Œ.
NOTIC: [8] Undefined offset: 0 D:\Work\phpstudy_pro\WWW\tool\Application\Home\Controller\ApiController.class.php ç¬¬ 48 è¡Œ.
NOTIC: [8] Undefined offset: 1 D:\Work\phpstudy_pro\WWW\tool\Application\Home\Controller\ApiController.class.php ç¬¬ 48 è¡Œ.
NOTIC: [8] Undefined offset: 0 D:\Work\phpstudy_pro\WWW\tool\Application\Home\Controller\ApiController.class.php ç¬¬ 48 è¡Œ.
NOTIC: [8] Undefined offset: 1 D:\Work\phpstudy_pro\WWW\tool\Application\Home\Controller\ApiController.class.php ç¬¬ 48 è¡Œ.
NOTIC: [8] Undefined offset: 0 D:\Work\phpstudy_pro\WWW\tool\Application\Home\Controller\ApiController.class.php ç¬¬ 48 è¡Œ.
NOTIC: [8] Undefined offset: 1 D:\Work\phpstudy_pro\WWW\tool\Application\Home\Controller\ApiController.class.php ç¬¬ 48 è¡Œ.
NOTIC: [8] Undefined offset: 0 D:\Work\phpstudy_pro\WWW\tool\Application\Home\Controller\ApiController.class.php ç¬¬ 48 è¡Œ.
NOTIC: [8] Undefined offset: 1 D:\Work\phpstudy_pro\WWW\tool\Application\Home\Controller\ApiController.class.php ç¬¬ 48 è¡Œ.
NOTIC: [8] Undefined offset: 0 D:\Work\phpstudy_pro\WWW\tool\Application\Home\Controller\ApiController.class.php ç¬¬ 48 è¡Œ.
NOTIC: [8] Undefined offset: 1 D:\Work\phpstudy_pro\WWW\tool\Application\Home\Controller\ApiController.class.php ç¬¬ 48 è¡Œ.
NOTIC: [8] Undefined offset: 0 D:\Work\phpstudy_pro\WWW\tool\Application\Home\Controller\ApiController.class.php ç¬¬ 48 è¡Œ.
NOTIC: [8] Undefined offset: 1 D:\Work\phpstudy_pro\WWW\tool\Application\Home\Controller\ApiController.class.php ç¬¬ 48 è¡Œ.
NOTIC: [8] Undefined offset: 0 D:\Work\phpstudy_pro\WWW\tool\Application\Home\Controller\ApiController.class.php ç¬¬ 48 è¡Œ.
NOTIC: [8] Undefined offset: 1 D:\Work\phpstudy_pro\WWW\tool\Application\Home\Controller\ApiController.class.php ç¬¬ 48 è¡Œ.
NOTIC: [8] Undefined offset: 0 D:\Work\phpstudy_pro\WWW\tool\Application\Home\Controller\ApiController.class.php ç¬¬ 48 è¡Œ.
NOTIC: [8] Undefined offset: 1 D:\Work\phpstudy_pro\WWW\tool\Application\Home\Controller\ApiController.class.php ç¬¬ 48 è¡Œ.
NOTIC: [8] Undefined offset: 0 D:\Work\phpstudy_pro\WWW\tool\Application\Home\Controller\ApiController.class.php ç¬¬ 48 è¡Œ.
NOTIC: [8] Undefined offset: 1 D:\Work\phpstudy_pro\WWW\tool\Application\Home\Controller\ApiController.class.php ç¬¬ 48 è¡Œ.
NOTIC: [8] Undefined offset: 0 D:\Work\phpstudy_pro\WWW\tool\Application\Home\Controller\ApiController.class.php ç¬¬ 48 è¡Œ.
NOTIC: [8] Undefined offset: 1 D:\Work\phpstudy_pro\WWW\tool\Application\Home\Controller\ApiController.class.php ç¬¬ 48 è¡Œ.
NOTIC: [8] Undefined offset: 0 D:\Work\phpstudy_pro\WWW\tool\Application\Home\Controller\ApiController.class.php ç¬¬ 48 è¡Œ.
NOTIC: [8] Undefined offset: 1 D:\Work\phpstudy_pro\WWW\tool\Application\Home\Controller\ApiController.class.php ç¬¬ 48 è¡Œ.
NOTIC: [8] Undefined offset: 0 D:\Work\phpstudy_pro\WWW\tool\Application\Home\Controller\ApiController.class.php ç¬¬ 48 è¡Œ.
NOTIC: [8] Undefined offset: 1 D:\Work\phpstudy_pro\WWW\tool\Application\Home\Controller\ApiController.class.php ç¬¬ 48 è¡Œ.
NOTIC: [8] Undefined offset: 0 D:\Work\phpstudy_pro\WWW\tool\Application\Home\Controller\ApiController.class.php ç¬¬ 48 è¡Œ.
NOTIC: [8] Undefined offset: 1 D:\Work\phpstudy_pro\WWW\tool\Application\Home\Controller\ApiController.class.php ç¬¬ 48 è¡Œ.
NOTIC: [8] Undefined offset: 0 D:\Work\phpstudy_pro\WWW\tool\Application\Home\Controller\ApiController.class.php ç¬¬ 48 è¡Œ.
NOTIC: [8] Undefined offset: 1 D:\Work\phpstudy_pro\WWW\tool\Application\Home\Controller\ApiController.class.php ç¬¬ 48 è¡Œ.
NOTIC: [8] Undefined offset: 0 D:\Work\phpstudy_pro\WWW\tool\Application\Home\Controller\ApiController.class.php ç¬¬ 48 è¡Œ.
NOTIC: [8] Undefined offset: 1 D:\Work\phpstudy_pro\WWW\tool\Application\Home\Controller\ApiController.class.php ç¬¬ 48 è¡Œ.
NOTIC: [8] Undefined offset: 0 D:\Work\phpstudy_pro\WWW\tool\Application\Home\Controller\ApiController.class.php ç¬¬ 48 è¡Œ.
NOTIC: [8] Undefined offset: 1 D:\Work\phpstudy_pro\WWW\tool\Application\Home\Controller\ApiController.class.php ç¬¬ 48 è¡Œ.
NOTIC: [8] Undefined offset: 0 D:\Work\phpstudy_pro\WWW\tool\Application\Home\Controller\ApiController.class.php ç¬¬ 48 è¡Œ.
NOTIC: [8] Undefined offset: 1 D:\Work\phpstudy_pro\WWW\tool\Application\Home\Controller\ApiController.class.php ç¬¬ 48 è¡Œ.
NOTIC: [8] Undefined offset: 0 D:\Work\phpstudy_pro\WWW\tool\Application\Home\Controller\ApiController.class.php ç¬¬ 48 è¡Œ.
NOTIC: [8] Undefined offset: 1 D:\Work\phpstudy_pro\WWW\tool\Application\Home\Controller\ApiController.class.php ç¬¬ 48 è¡Œ.
NOTIC: [8] Undefined offset: 0 D:\Work\phpstudy_pro\WWW\tool\Application\Home\Controller\ApiController.class.php ç¬¬ 48 è¡Œ.
NOTIC: [8] Undefined offset: 1 D:\Work\phpstudy_pro\WWW\tool\Application\Home\Controller\ApiController.class.php ç¬¬ 48 è¡Œ.
NOTIC: [8] Undefined offset: 0 D:\Work\phpstudy_pro\WWW\tool\Application\Home\Controller\ApiController.class.php ç¬¬ 48 è¡Œ.
NOTIC: [8] Undefined offset: 1 D:\Work\phpstudy_pro\WWW\tool\Application\Home\Controller\ApiController.class.php ç¬¬ 48 è¡Œ.
NOTIC: [8] Undefined offset: 0 D:\Work\phpstudy_pro\WWW\tool\Application\Home\Controller\ApiController.class.php ç¬¬ 48 è¡Œ.
NOTIC: [8] Undefined offset: 1 D:\Work\phpstudy_pro\WWW\tool\Application\Home\Controller\ApiController.class.php ç¬¬ 48 è¡Œ.

[ 2024-05-08T16:17:18+08:00 ] 127.0.0.1 /index.php/home/api/addimg
INFO: [ app_init ] --START--
INFO: Run Behavior\BuildLiteBehavior [ RunTime:0.000008s ]
INFO: [ app_init ] --END-- [ RunTime:0.000183s ]
INFO: [ app_begin ] --START--
INFO: Run Behavior\ReadHtmlCacheBehavior [ RunTime:0.000234s ]
INFO: [ app_begin ] --END-- [ RunTime:0.000250s ]
INFO: [ view_parse ] --START--
INFO: [ template_filter ] --START--
INFO: Run Behavior\ContentReplaceBehavior [ RunTime:0.000018s ]
INFO: [ template_filter ] --END-- [ RunTime:0.000035s ]
INFO: Run Behavior\ParseTemplateBehavior [ RunTime:0.002766s ]
INFO: [ view_parse ] --END-- [ RunTime:0.002781s ]
INFO: [ view_filter ] --START--
INFO: Run Behavior\WriteHtmlCacheBehavior [ RunTime:0.000096s ]
INFO: [ view_filter ] --END-- [ RunTime:0.000102s ]
INFO: [ app_end ] --START--
INFO: Run Behavior\ShowPageTraceBehavior [ RunTime:0.000204s ]
INFO: [ app_end ] --END-- [ RunTime:0.000211s ]

[ 2024-05-08T16:17:23+08:00 ] 127.0.0.1 /index.php/Home/api/addImgDo.html
INFO: [ app_init ] --START--
INFO: Run Behavior\BuildLiteBehavior [ RunTime:0.000005s ]
INFO: [ app_init ] --END-- [ RunTime:0.000143s ]
INFO: [ app_begin ] --START--
INFO: Run Behavior\ReadHtmlCacheBehavior [ RunTime:0.000187s ]
INFO: [ app_begin ] --END-- [ RunTime:0.000199s ]
NOTIC: [8] Undefined offset: 0 D:\Work\phpstudy_pro\WWW\tool\Application\Home\Controller\ApiController.class.php ç¬¬ 48 è¡Œ.
NOTIC: [8] Undefined offset: 1 D:\Work\phpstudy_pro\WWW\tool\Application\Home\Controller\ApiController.class.php ç¬¬ 48 è¡Œ.
NOTIC: [8] Undefined offset: 0 D:\Work\phpstudy_pro\WWW\tool\Application\Home\Controller\ApiController.class.php ç¬¬ 48 è¡Œ.
NOTIC: [8] Undefined offset: 1 D:\Work\phpstudy_pro\WWW\tool\Application\Home\Controller\ApiController.class.php ç¬¬ 48 è¡Œ.
NOTIC: [8] Undefined offset: 0 D:\Work\phpstudy_pro\WWW\tool\Application\Home\Controller\ApiController.class.php ç¬¬ 48 è¡Œ.
NOTIC: [8] Undefined offset: 1 D:\Work\phpstudy_pro\WWW\tool\Application\Home\Controller\ApiController.class.php ç¬¬ 48 è¡Œ.
NOTIC: [8] Undefined offset: 0 D:\Work\phpstudy_pro\WWW\tool\Application\Home\Controller\ApiController.class.php ç¬¬ 48 è¡Œ.
NOTIC: [8] Undefined offset: 1 D:\Work\phpstudy_pro\WWW\tool\Application\Home\Controller\ApiController.class.php ç¬¬ 48 è¡Œ.
NOTIC: [8] Undefined offset: 0 D:\Work\phpstudy_pro\WWW\tool\Application\Home\Controller\ApiController.class.php ç¬¬ 48 è¡Œ.
NOTIC: [8] Undefined offset: 1 D:\Work\phpstudy_pro\WWW\tool\Application\Home\Controller\ApiController.class.php ç¬¬ 48 è¡Œ.
NOTIC: [8] Undefined offset: 0 D:\Work\phpstudy_pro\WWW\tool\Application\Home\Controller\ApiController.class.php ç¬¬ 48 è¡Œ.
NOTIC: [8] Undefined offset: 1 D:\Work\phpstudy_pro\WWW\tool\Application\Home\Controller\ApiController.class.php ç¬¬ 48 è¡Œ.
NOTIC: [8] Undefined offset: 0 D:\Work\phpstudy_pro\WWW\tool\Application\Home\Controller\ApiController.class.php ç¬¬ 48 è¡Œ.
NOTIC: [8] Undefined offset: 1 D:\Work\phpstudy_pro\WWW\tool\Application\Home\Controller\ApiController.class.php ç¬¬ 48 è¡Œ.
NOTIC: [8] Undefined offset: 0 D:\Work\phpstudy_pro\WWW\tool\Application\Home\Controller\ApiController.class.php ç¬¬ 48 è¡Œ.
NOTIC: [8] Undefined offset: 1 D:\Work\phpstudy_pro\WWW\tool\Application\Home\Controller\ApiController.class.php ç¬¬ 48 è¡Œ.
NOTIC: [8] Undefined offset: 0 D:\Work\phpstudy_pro\WWW\tool\Application\Home\Controller\ApiController.class.php ç¬¬ 48 è¡Œ.
NOTIC: [8] Undefined offset: 1 D:\Work\phpstudy_pro\WWW\tool\Application\Home\Controller\ApiController.class.php ç¬¬ 48 è¡Œ.
NOTIC: [8] Undefined offset: 0 D:\Work\phpstudy_pro\WWW\tool\Application\Home\Controller\ApiController.class.php ç¬¬ 48 è¡Œ.
NOTIC: [8] Undefined offset: 1 D:\Work\phpstudy_pro\WWW\tool\Application\Home\Controller\ApiController.class.php ç¬¬ 48 è¡Œ.
NOTIC: [8] Undefined offset: 0 D:\Work\phpstudy_pro\WWW\tool\Application\Home\Controller\ApiController.class.php ç¬¬ 48 è¡Œ.
NOTIC: [8] Undefined offset: 1 D:\Work\phpstudy_pro\WWW\tool\Application\Home\Controller\ApiController.class.php ç¬¬ 48 è¡Œ.
NOTIC: [8] Undefined offset: 0 D:\Work\phpstudy_pro\WWW\tool\Application\Home\Controller\ApiController.class.php ç¬¬ 48 è¡Œ.
NOTIC: [8] Undefined offset: 1 D:\Work\phpstudy_pro\WWW\tool\Application\Home\Controller\ApiController.class.php ç¬¬ 48 è¡Œ.
NOTIC: [8] Undefined offset: 0 D:\Work\phpstudy_pro\WWW\tool\Application\Home\Controller\ApiController.class.php ç¬¬ 48 è¡Œ.
NOTIC: [8] Undefined offset: 1 D:\Work\phpstudy_pro\WWW\tool\Application\Home\Controller\ApiController.class.php ç¬¬ 48 è¡Œ.
NOTIC: [8] Undefined offset: 0 D:\Work\phpstudy_pro\WWW\tool\Application\Home\Controller\ApiController.class.php ç¬¬ 48 è¡Œ.
NOTIC: [8] Undefined offset: 1 D:\Work\phpstudy_pro\WWW\tool\Application\Home\Controller\ApiController.class.php ç¬¬ 48 è¡Œ.
NOTIC: [8] Undefined offset: 0 D:\Work\phpstudy_pro\WWW\tool\Application\Home\Controller\ApiController.class.php ç¬¬ 48 è¡Œ.
NOTIC: [8] Undefined offset: 1 D:\Work\phpstudy_pro\WWW\tool\Application\Home\Controller\ApiController.class.php ç¬¬ 48 è¡Œ.
NOTIC: [8] Undefined offset: 0 D:\Work\phpstudy_pro\WWW\tool\Application\Home\Controller\ApiController.class.php ç¬¬ 48 è¡Œ.
NOTIC: [8] Undefined offset: 1 D:\Work\phpstudy_pro\WWW\tool\Application\Home\Controller\ApiController.class.php ç¬¬ 48 è¡Œ.
NOTIC: [8] Undefined offset: 0 D:\Work\phpstudy_pro\WWW\tool\Application\Home\Controller\ApiController.class.php ç¬¬ 48 è¡Œ.
NOTIC: [8] Undefined offset: 1 D:\Work\phpstudy_pro\WWW\tool\Application\Home\Controller\ApiController.class.php ç¬¬ 48 è¡Œ.
NOTIC: [8] Undefined offset: 0 D:\Work\phpstudy_pro\WWW\tool\Application\Home\Controller\ApiController.class.php ç¬¬ 48 è¡Œ.
NOTIC: [8] Undefined offset: 1 D:\Work\phpstudy_pro\WWW\tool\Application\Home\Controller\ApiController.class.php ç¬¬ 48 è¡Œ.
NOTIC: [8] Undefined offset: 0 D:\Work\phpstudy_pro\WWW\tool\Application\Home\Controller\ApiController.class.php ç¬¬ 48 è¡Œ.
NOTIC: [8] Undefined offset: 1 D:\Work\phpstudy_pro\WWW\tool\Application\Home\Controller\ApiController.class.php ç¬¬ 48 è¡Œ.
NOTIC: [8] Undefined offset: 0 D:\Work\phpstudy_pro\WWW\tool\Application\Home\Controller\ApiController.class.php ç¬¬ 48 è¡Œ.
NOTIC: [8] Undefined offset: 1 D:\Work\phpstudy_pro\WWW\tool\Application\Home\Controller\ApiController.class.php ç¬¬ 48 è¡Œ.
NOTIC: [8] Undefined offset: 0 D:\Work\phpstudy_pro\WWW\tool\Application\Home\Controller\ApiController.class.php ç¬¬ 48 è¡Œ.
NOTIC: [8] Undefined offset: 1 D:\Work\phpstudy_pro\WWW\tool\Application\Home\Controller\ApiController.class.php ç¬¬ 48 è¡Œ.
NOTIC: [8] Undefined offset: 0 D:\Work\phpstudy_pro\WWW\tool\Application\Home\Controller\ApiController.class.php ç¬¬ 48 è¡Œ.
NOTIC: [8] Undefined offset: 1 D:\Work\phpstudy_pro\WWW\tool\Application\Home\Controller\ApiController.class.php ç¬¬ 48 è¡Œ.
NOTIC: [8] Undefined offset: 0 D:\Work\phpstudy_pro\WWW\tool\Application\Home\Controller\ApiController.class.php ç¬¬ 48 è¡Œ.
NOTIC: [8] Undefined offset: 1 D:\Work\phpstudy_pro\WWW\tool\Application\Home\Controller\ApiController.class.php ç¬¬ 48 è¡Œ.
NOTIC: [8] Undefined offset: 0 D:\Work\phpstudy_pro\WWW\tool\Application\Home\Controller\ApiController.class.php ç¬¬ 48 è¡Œ.
NOTIC: [8] Undefined offset: 1 D:\Work\phpstudy_pro\WWW\tool\Application\Home\Controller\ApiController.class.php ç¬¬ 48 è¡Œ.
NOTIC: [8] Undefined offset: 0 D:\Work\phpstudy_pro\WWW\tool\Application\Home\Controller\ApiController.class.php ç¬¬ 48 è¡Œ.
NOTIC: [8] Undefined offset: 1 D:\Work\phpstudy_pro\WWW\tool\Application\Home\Controller\ApiController.class.php ç¬¬ 48 è¡Œ.
NOTIC: [8] Undefined offset: 0 D:\Work\phpstudy_pro\WWW\tool\Application\Home\Controller\ApiController.class.php ç¬¬ 48 è¡Œ.
NOTIC: [8] Undefined offset: 1 D:\Work\phpstudy_pro\WWW\tool\Application\Home\Controller\ApiController.class.php ç¬¬ 48 è¡Œ.
NOTIC: [8] Undefined offset: 0 D:\Work\phpstudy_pro\WWW\tool\Application\Home\Controller\ApiController.class.php ç¬¬ 48 è¡Œ.
NOTIC: [8] Undefined offset: 1 D:\Work\phpstudy_pro\WWW\tool\Application\Home\Controller\ApiController.class.php ç¬¬ 48 è¡Œ.
NOTIC: [8] Undefined offset: 0 D:\Work\phpstudy_pro\WWW\tool\Application\Home\Controller\ApiController.class.php ç¬¬ 48 è¡Œ.
NOTIC: [8] Undefined offset: 1 D:\Work\phpstudy_pro\WWW\tool\Application\Home\Controller\ApiController.class.php ç¬¬ 48 è¡Œ.
NOTIC: [8] Undefined offset: 0 D:\Work\phpstudy_pro\WWW\tool\Application\Home\Controller\ApiController.class.php ç¬¬ 48 è¡Œ.
NOTIC: [8] Undefined offset: 1 D:\Work\phpstudy_pro\WWW\tool\Application\Home\Controller\ApiController.class.php ç¬¬ 48 è¡Œ.
NOTIC: [8] Undefined offset: 0 D:\Work\phpstudy_pro\WWW\tool\Application\Home\Controller\ApiController.class.php ç¬¬ 48 è¡Œ.
NOTIC: [8] Undefined offset: 1 D:\Work\phpstudy_pro\WWW\tool\Application\Home\Controller\ApiController.class.php ç¬¬ 48 è¡Œ.
NOTIC: [8] Undefined offset: 0 D:\Work\phpstudy_pro\WWW\tool\Application\Home\Controller\ApiController.class.php ç¬¬ 48 è¡Œ.
NOTIC: [8] Undefined offset: 1 D:\Work\phpstudy_pro\WWW\tool\Application\Home\Controller\ApiController.class.php ç¬¬ 48 è¡Œ.
NOTIC: [8] Undefined offset: 0 D:\Work\phpstudy_pro\WWW\tool\Application\Home\Controller\ApiController.class.php ç¬¬ 48 è¡Œ.
NOTIC: [8] Undefined offset: 1 D:\Work\phpstudy_pro\WWW\tool\Application\Home\Controller\ApiController.class.php ç¬¬ 48 è¡Œ.
NOTIC: [8] Undefined offset: 0 D:\Work\phpstudy_pro\WWW\tool\Application\Home\Controller\ApiController.class.php ç¬¬ 48 è¡Œ.
NOTIC: [8] Undefined offset: 1 D:\Work\phpstudy_pro\WWW\tool\Application\Home\Controller\ApiController.class.php ç¬¬ 48 è¡Œ.
NOTIC: [8] Undefined offset: 0 D:\Work\phpstudy_pro\WWW\tool\Application\Home\Controller\ApiController.class.php ç¬¬ 48 è¡Œ.
NOTIC: [8] Undefined offset: 1 D:\Work\phpstudy_pro\WWW\tool\Application\Home\Controller\ApiController.class.php ç¬¬ 48 è¡Œ.
NOTIC: [8] Undefined offset: 0 D:\Work\phpstudy_pro\WWW\tool\Application\Home\Controller\ApiController.class.php ç¬¬ 48 è¡Œ.
NOTIC: [8] Undefined offset: 1 D:\Work\phpstudy_pro\WWW\tool\Application\Home\Controller\ApiController.class.php ç¬¬ 48 è¡Œ.
NOTIC: [8] Undefined offset: 0 D:\Work\phpstudy_pro\WWW\tool\Application\Home\Controller\ApiController.class.php ç¬¬ 48 è¡Œ.
NOTIC: [8] Undefined offset: 1 D:\Work\phpstudy_pro\WWW\tool\Application\Home\Controller\ApiController.class.php ç¬¬ 48 è¡Œ.
NOTIC: [8] Undefined offset: 0 D:\Work\phpstudy_pro\WWW\tool\Application\Home\Controller\ApiController.class.php ç¬¬ 48 è¡Œ.
NOTIC: [8] Undefined offset: 1 D:\Work\phpstudy_pro\WWW\tool\Application\Home\Controller\ApiController.class.php ç¬¬ 48 è¡Œ.
NOTIC: [8] Undefined offset: 0 D:\Work\phpstudy_pro\WWW\tool\Application\Home\Controller\ApiController.class.php ç¬¬ 48 è¡Œ.
NOTIC: [8] Undefined offset: 1 D:\Work\phpstudy_pro\WWW\tool\Application\Home\Controller\ApiController.class.php ç¬¬ 48 è¡Œ.
NOTIC: [8] Undefined offset: 0 D:\Work\phpstudy_pro\WWW\tool\Application\Home\Controller\ApiController.class.php ç¬¬ 48 è¡Œ.
NOTIC: [8] Undefined offset: 1 D:\Work\phpstudy_pro\WWW\tool\Application\Home\Controller\ApiController.class.php ç¬¬ 48 è¡Œ.
NOTIC: [8] Undefined offset: 0 D:\Work\phpstudy_pro\WWW\tool\Application\Home\Controller\ApiController.class.php ç¬¬ 48 è¡Œ.
NOTIC: [8] Undefined offset: 1 D:\Work\phpstudy_pro\WWW\tool\Application\Home\Controller\ApiController.class.php ç¬¬ 48 è¡Œ.
NOTIC: [8] Undefined offset: 0 D:\Work\phpstudy_pro\WWW\tool\Application\Home\Controller\ApiController.class.php ç¬¬ 48 è¡Œ.
NOTIC: [8] Undefined offset: 1 D:\Work\phpstudy_pro\WWW\tool\Application\Home\Controller\ApiController.class.php ç¬¬ 48 è¡Œ.
NOTIC: [8] Undefined offset: 0 D:\Work\phpstudy_pro\WWW\tool\Application\Home\Controller\ApiController.class.php ç¬¬ 48 è¡Œ.
NOTIC: [8] Undefined offset: 1 D:\Work\phpstudy_pro\WWW\tool\Application\Home\Controller\ApiController.class.php ç¬¬ 48 è¡Œ.
NOTIC: [8] Undefined offset: 0 D:\Work\phpstudy_pro\WWW\tool\Application\Home\Controller\ApiController.class.php ç¬¬ 48 è¡Œ.
NOTIC: [8] Undefined offset: 1 D:\Work\phpstudy_pro\WWW\tool\Application\Home\Controller\ApiController.class.php ç¬¬ 48 è¡Œ.
NOTIC: [8] Undefined offset: 0 D:\Work\phpstudy_pro\WWW\tool\Application\Home\Controller\ApiController.class.php ç¬¬ 48 è¡Œ.
NOTIC: [8] Undefined offset: 1 D:\Work\phpstudy_pro\WWW\tool\Application\Home\Controller\ApiController.class.php ç¬¬ 48 è¡Œ.
NOTIC: [8] Undefined offset: 0 D:\Work\phpstudy_pro\WWW\tool\Application\Home\Controller\ApiController.class.php ç¬¬ 48 è¡Œ.
NOTIC: [8] Undefined offset: 1 D:\Work\phpstudy_pro\WWW\tool\Application\Home\Controller\ApiController.class.php ç¬¬ 48 è¡Œ.
NOTIC: [8] Undefined offset: 0 D:\Work\phpstudy_pro\WWW\tool\Application\Home\Controller\ApiController.class.php ç¬¬ 48 è¡Œ.
NOTIC: [8] Undefined offset: 1 D:\Work\phpstudy_pro\WWW\tool\Application\Home\Controller\ApiController.class.php ç¬¬ 48 è¡Œ.
NOTIC: [8] Undefined offset: 0 D:\Work\phpstudy_pro\WWW\tool\Application\Home\Controller\ApiController.class.php ç¬¬ 48 è¡Œ.
NOTIC: [8] Undefined offset: 1 D:\Work\phpstudy_pro\WWW\tool\Application\Home\Controller\ApiController.class.php ç¬¬ 48 è¡Œ.
NOTIC: [8] Undefined offset: 0 D:\Work\phpstudy_pro\WWW\tool\Application\Home\Controller\ApiController.class.php ç¬¬ 48 è¡Œ.
NOTIC: [8] Undefined offset: 1 D:\Work\phpstudy_pro\WWW\tool\Application\Home\Controller\ApiController.class.php ç¬¬ 48 è¡Œ.
NOTIC: [8] Undefined offset: 0 D:\Work\phpstudy_pro\WWW\tool\Application\Home\Controller\ApiController.class.php ç¬¬ 48 è¡Œ.
NOTIC: [8] Undefined offset: 1 D:\Work\phpstudy_pro\WWW\tool\Application\Home\Controller\ApiController.class.php ç¬¬ 48 è¡Œ.
NOTIC: [8] Undefined offset: 0 D:\Work\phpstudy_pro\WWW\tool\Application\Home\Controller\ApiController.class.php ç¬¬ 48 è¡Œ.
NOTIC: [8] Undefined offset: 1 D:\Work\phpstudy_pro\WWW\tool\Application\Home\Controller\ApiController.class.php ç¬¬ 48 è¡Œ.
NOTIC: [8] Undefined offset: 0 D:\Work\phpstudy_pro\WWW\tool\Application\Home\Controller\ApiController.class.php ç¬¬ 48 è¡Œ.
NOTIC: [8] Undefined offset: 1 D:\Work\phpstudy_pro\WWW\tool\Application\Home\Controller\ApiController.class.php ç¬¬ 48 è¡Œ.
NOTIC: [8] Undefined offset: 0 D:\Work\phpstudy_pro\WWW\tool\Application\Home\Controller\ApiController.class.php ç¬¬ 48 è¡Œ.
NOTIC: [8] Undefined offset: 1 D:\Work\phpstudy_pro\WWW\tool\Application\Home\Controller\ApiController.class.php ç¬¬ 48 è¡Œ.
NOTIC: [8] Undefined offset: 0 D:\Work\phpstudy_pro\WWW\tool\Application\Home\Controller\ApiController.class.php ç¬¬ 48 è¡Œ.
NOTIC: [8] Undefined offset: 1 D:\Work\phpstudy_pro\WWW\tool\Application\Home\Controller\ApiController.class.php ç¬¬ 48 è¡Œ.

