[ 2024-04-30T14:47:05+08:00 ] 127.0.0.1 /
INFO: [ app_init ] --START--
INFO: Run Behavior\BuildLiteBehavior [ RunTime:0.000007s ]
INFO: [ app_init ] --END-- [ RunTime:0.000197s ]
INFO: [ app_begin ] --START--
INFO: Run Behavior\ReadHtmlCacheBehavior [ RunTime:0.000189s ]
INFO: [ app_begin ] --END-- [ RunTime:0.000199s ]
SQL: SHOW COLUMNS FROM `jxkj_article` [ RunTime:0.0007s ]
SQL: SHOW COLUMNS FROM `jxkj_banner` [ RunTime:0.0005s ]
SQL: SELECT * FROM `jxkj_banner` WHERE `is_del` = 0 AND `is_show` = 1 ORDER BY sort desc  [ RunTime:0.0002s ]
SQL: SELECT * FROM `jxkj_article` WHERE `is_del` = 0 AND `is_show` = 1 AND ( cate_id = 1 and is_tui = 1 ) ORDER BY addtime desc LIMIT 15   [ RunTime:0.0007s ]
SQL: SELECT * FROM `jxkj_article` WHERE `is_del` = 0 AND `is_show` = 1 AND ( cate_id = 2 and is_tui = 1 ) ORDER BY addtime desc LIMIT 15   [ RunTime:0.0006s ]
SQL: SHOW COLUMNS FROM `jxkj_menu` [ RunTime:0.0009s ]
SQL: SELECT * FROM `jxkj_menu` WHERE ( id = 3 ) LIMIT 1   [ RunTime:0.0002s ]
SQL: SHOW COLUMNS FROM `jxkj_dk_list` [ RunTime:0.0008s ]
SQL: SELECT * FROM `jxkj_dk_list` WHERE `is_del` = 0 AND `is_show` = 1 AND `id` IN ('352','356','358','360')  [ RunTime:0.0002s ]
INFO: [ view_parse ] --START--
INFO: [ template_filter ] --START--
INFO: Run Behavior\ContentReplaceBehavior [ RunTime:0.000081s ]
INFO: [ template_filter ] --END-- [ RunTime:0.000096s ]
NOTIC: [8] Undefined variable: menu D:\Work\phpstudy_pro\WWW\tool\Application\Runtime\Cache\Home\5f5878b563bbd0551b6c84d71156b7e9.php Á¨¨ 49 Ë°å.
NOTIC: [8] Undefined variable: web D:\Work\phpstudy_pro\WWW\tool\Application\Runtime\Cache\Home\5f5878b563bbd0551b6c84d71156b7e9.php Á¨¨ 54 Ë°å.
NOTIC: [8] Undefined variable: web D:\Work\phpstudy_pro\WWW\tool\Application\Runtime\Cache\Home\5f5878b563bbd0551b6c84d71156b7e9.php Á¨¨ 229 Ë°å.
NOTIC: [8] Undefined variable: menu D:\Work\phpstudy_pro\WWW\tool\Application\Runtime\Cache\Home\5f5878b563bbd0551b6c84d71156b7e9.php Á¨¨ 655 Ë°å.
NOTIC: [8] Undefined variable: web D:\Work\phpstudy_pro\WWW\tool\Application\Runtime\Cache\Home\5f5878b563bbd0551b6c84d71156b7e9.php Á¨¨ 657 Ë°å.
NOTIC: [8] Undefined variable: web D:\Work\phpstudy_pro\WWW\tool\Application\Runtime\Cache\Home\5f5878b563bbd0551b6c84d71156b7e9.php Á¨¨ 658 Ë°å.
NOTIC: [8] Undefined variable: web D:\Work\phpstudy_pro\WWW\tool\Application\Runtime\Cache\Home\5f5878b563bbd0551b6c84d71156b7e9.php Á¨¨ 668 Ë°å.
NOTIC: [8] Undefined variable: link_list D:\Work\phpstudy_pro\WWW\tool\Application\Runtime\Cache\Home\5f5878b563bbd0551b6c84d71156b7e9.php Á¨¨ 681 Ë°å.
INFO: Run Behavior\ParseTemplateBehavior [ RunTime:0.006325s ]
INFO: [ view_parse ] --END-- [ RunTime:0.006336s ]
INFO: [ view_filter ] --START--
INFO: Run Behavior\WriteHtmlCacheBehavior [ RunTime:0.000098s ]
INFO: [ view_filter ] --END-- [ RunTime:0.000105s ]
INFO: [ app_end ] --START--
INFO: Run Behavior\ShowPageTraceBehavior [ RunTime:0.000241s ]
INFO: [ app_end ] --END-- [ RunTime:0.000254s ]

[ 2024-04-30T14:47:05+08:00 ] 127.0.0.1 /index.php/Home/index/xieyi.html
INFO: [ app_init ] --START--
INFO: Run Behavior\BuildLiteBehavior [ RunTime:0.000004s ]
INFO: [ app_init ] --END-- [ RunTime:0.000146s ]
INFO: [ app_begin ] --START--
INFO: Run Behavior\ReadHtmlCacheBehavior [ RunTime:0.000181s ]
INFO: [ app_begin ] --END-- [ RunTime:0.000191s ]
INFO: [ view_parse ] --START--
INFO: [ template_filter ] --START--
INFO: Run Behavior\ContentReplaceBehavior [ RunTime:0.000047s ]
INFO: [ template_filter ] --END-- [ RunTime:0.000076s ]
INFO: Run Behavior\ParseTemplateBehavior [ RunTime:0.002957s ]
INFO: [ view_parse ] --END-- [ RunTime:0.002972s ]
INFO: [ view_filter ] --START--
INFO: Run Behavior\WriteHtmlCacheBehavior [ RunTime:0.000122s ]
INFO: [ view_filter ] --END-- [ RunTime:0.000130s ]
INFO: [ app_end ] --START--
INFO: Run Behavior\ShowPageTraceBehavior [ RunTime:0.000218s ]
INFO: [ app_end ] --END-- [ RunTime:0.000227s ]

[ 2024-04-30T14:47:06+08:00 ] 127.0.0.1 /
INFO: [ app_init ] --START--
INFO: Run Behavior\BuildLiteBehavior [ RunTime:0.000005s ]
INFO: [ app_init ] --END-- [ RunTime:0.000143s ]
INFO: [ app_begin ] --START--
INFO: Run Behavior\ReadHtmlCacheBehavior [ RunTime:0.000230s ]
INFO: [ app_begin ] --END-- [ RunTime:0.000243s ]
SQL: SHOW COLUMNS FROM `jxkj_article` [ RunTime:0.0008s ]
SQL: SHOW COLUMNS FROM `jxkj_banner` [ RunTime:0.0006s ]
SQL: SELECT * FROM `jxkj_banner` WHERE `is_del` = 0 AND `is_show` = 1 ORDER BY sort desc  [ RunTime:0.0003s ]
SQL: SELECT * FROM `jxkj_article` WHERE `is_del` = 0 AND `is_show` = 1 AND ( cate_id = 1 and is_tui = 1 ) ORDER BY addtime desc LIMIT 15   [ RunTime:0.0008s ]
SQL: SELECT * FROM `jxkj_article` WHERE `is_del` = 0 AND `is_show` = 1 AND ( cate_id = 2 and is_tui = 1 ) ORDER BY addtime desc LIMIT 15   [ RunTime:0.0006s ]
SQL: SHOW COLUMNS FROM `jxkj_menu` [ RunTime:0.0009s ]
SQL: SELECT * FROM `jxkj_menu` WHERE ( id = 3 ) LIMIT 1   [ RunTime:0.0002s ]
SQL: SHOW COLUMNS FROM `jxkj_dk_list` [ RunTime:0.0008s ]
SQL: SELECT * FROM `jxkj_dk_list` WHERE `is_del` = 0 AND `is_show` = 1 AND `id` IN ('352','356','358','360')  [ RunTime:0.0002s ]
INFO: [ view_parse ] --START--
INFO: [ template_filter ] --START--
INFO: Run Behavior\ContentReplaceBehavior [ RunTime:0.000076s ]
INFO: [ template_filter ] --END-- [ RunTime:0.000089s ]
NOTIC: [8] Undefined variable: menu D:\Work\phpstudy_pro\WWW\tool\Application\Runtime\Cache\Home\5f5878b563bbd0551b6c84d71156b7e9.php Á¨¨ 49 Ë°å.
NOTIC: [8] Undefined variable: web D:\Work\phpstudy_pro\WWW\tool\Application\Runtime\Cache\Home\5f5878b563bbd0551b6c84d71156b7e9.php Á¨¨ 54 Ë°å.
NOTIC: [8] Undefined variable: web D:\Work\phpstudy_pro\WWW\tool\Application\Runtime\Cache\Home\5f5878b563bbd0551b6c84d71156b7e9.php Á¨¨ 229 Ë°å.
NOTIC: [8] Undefined variable: menu D:\Work\phpstudy_pro\WWW\tool\Application\Runtime\Cache\Home\5f5878b563bbd0551b6c84d71156b7e9.php Á¨¨ 655 Ë°å.
NOTIC: [8] Undefined variable: web D:\Work\phpstudy_pro\WWW\tool\Application\Runtime\Cache\Home\5f5878b563bbd0551b6c84d71156b7e9.php Á¨¨ 657 Ë°å.
NOTIC: [8] Undefined variable: web D:\Work\phpstudy_pro\WWW\tool\Application\Runtime\Cache\Home\5f5878b563bbd0551b6c84d71156b7e9.php Á¨¨ 658 Ë°å.
NOTIC: [8] Undefined variable: web D:\Work\phpstudy_pro\WWW\tool\Application\Runtime\Cache\Home\5f5878b563bbd0551b6c84d71156b7e9.php Á¨¨ 668 Ë°å.
NOTIC: [8] Undefined variable: link_list D:\Work\phpstudy_pro\WWW\tool\Application\Runtime\Cache\Home\5f5878b563bbd0551b6c84d71156b7e9.php Á¨¨ 681 Ë°å.
INFO: Run Behavior\ParseTemplateBehavior [ RunTime:0.005404s ]
INFO: [ view_parse ] --END-- [ RunTime:0.005415s ]
INFO: [ view_filter ] --START--
INFO: Run Behavior\WriteHtmlCacheBehavior [ RunTime:0.000088s ]
INFO: [ view_filter ] --END-- [ RunTime:0.000094s ]
INFO: [ app_end ] --START--
INFO: Run Behavior\ShowPageTraceBehavior [ RunTime:0.000242s ]
INFO: [ app_end ] --END-- [ RunTime:0.000255s ]

[ 2024-04-30T14:47:06+08:00 ] 127.0.0.1 /index.php/Home/index/xieyi.html
INFO: [ app_init ] --START--
INFO: Run Behavior\BuildLiteBehavior [ RunTime:0.000004s ]
INFO: [ app_init ] --END-- [ RunTime:0.000179s ]
INFO: [ app_begin ] --START--
INFO: Run Behavior\ReadHtmlCacheBehavior [ RunTime:0.000176s ]
INFO: [ app_begin ] --END-- [ RunTime:0.000187s ]
INFO: [ view_parse ] --START--
INFO: [ template_filter ] --START--
INFO: Run Behavior\ContentReplaceBehavior [ RunTime:0.000019s ]
INFO: [ template_filter ] --END-- [ RunTime:0.000030s ]
INFO: Run Behavior\ParseTemplateBehavior [ RunTime:0.002161s ]
INFO: [ view_parse ] --END-- [ RunTime:0.002171s ]
INFO: [ view_filter ] --START--
INFO: Run Behavior\WriteHtmlCacheBehavior [ RunTime:0.000079s ]
INFO: [ view_filter ] --END-- [ RunTime:0.000085s ]
INFO: [ app_end ] --START--
INFO: Run Behavior\ShowPageTraceBehavior [ RunTime:0.000182s ]
INFO: [ app_end ] --END-- [ RunTime:0.000189s ]

[ 2024-04-30T14:47:06+08:00 ] 127.0.0.1 /
INFO: [ app_init ] --START--
INFO: Run Behavior\BuildLiteBehavior [ RunTime:0.000004s ]
INFO: [ app_init ] --END-- [ RunTime:0.000137s ]
INFO: [ app_begin ] --START--
INFO: Run Behavior\ReadHtmlCacheBehavior [ RunTime:0.000150s ]
INFO: [ app_begin ] --END-- [ RunTime:0.000158s ]
SQL: SHOW COLUMNS FROM `jxkj_article` [ RunTime:0.0008s ]
SQL: SHOW COLUMNS FROM `jxkj_banner` [ RunTime:0.0005s ]
SQL: SELECT * FROM `jxkj_banner` WHERE `is_del` = 0 AND `is_show` = 1 ORDER BY sort desc  [ RunTime:0.0002s ]
SQL: SELECT * FROM `jxkj_article` WHERE `is_del` = 0 AND `is_show` = 1 AND ( cate_id = 1 and is_tui = 1 ) ORDER BY addtime desc LIMIT 15   [ RunTime:0.0008s ]
SQL: SELECT * FROM `jxkj_article` WHERE `is_del` = 0 AND `is_show` = 1 AND ( cate_id = 2 and is_tui = 1 ) ORDER BY addtime desc LIMIT 15   [ RunTime:0.0006s ]
SQL: SHOW COLUMNS FROM `jxkj_menu` [ RunTime:0.0008s ]
SQL: SELECT * FROM `jxkj_menu` WHERE ( id = 3 ) LIMIT 1   [ RunTime:0.0002s ]
SQL: SHOW COLUMNS FROM `jxkj_dk_list` [ RunTime:0.0008s ]
SQL: SELECT * FROM `jxkj_dk_list` WHERE `is_del` = 0 AND `is_show` = 1 AND `id` IN ('352','356','358','360')  [ RunTime:0.0002s ]
INFO: [ view_parse ] --START--
INFO: [ template_filter ] --START--
INFO: Run Behavior\ContentReplaceBehavior [ RunTime:0.000074s ]
INFO: [ template_filter ] --END-- [ RunTime:0.000086s ]
NOTIC: [8] Undefined variable: menu D:\Work\phpstudy_pro\WWW\tool\Application\Runtime\Cache\Home\5f5878b563bbd0551b6c84d71156b7e9.php Á¨¨ 49 Ë°å.
NOTIC: [8] Undefined variable: web D:\Work\phpstudy_pro\WWW\tool\Application\Runtime\Cache\Home\5f5878b563bbd0551b6c84d71156b7e9.php Á¨¨ 54 Ë°å.
NOTIC: [8] Undefined variable: web D:\Work\phpstudy_pro\WWW\tool\Application\Runtime\Cache\Home\5f5878b563bbd0551b6c84d71156b7e9.php Á¨¨ 229 Ë°å.
NOTIC: [8] Undefined variable: menu D:\Work\phpstudy_pro\WWW\tool\Application\Runtime\Cache\Home\5f5878b563bbd0551b6c84d71156b7e9.php Á¨¨ 655 Ë°å.
NOTIC: [8] Undefined variable: web D:\Work\phpstudy_pro\WWW\tool\Application\Runtime\Cache\Home\5f5878b563bbd0551b6c84d71156b7e9.php Á¨¨ 657 Ë°å.
NOTIC: [8] Undefined variable: web D:\Work\phpstudy_pro\WWW\tool\Application\Runtime\Cache\Home\5f5878b563bbd0551b6c84d71156b7e9.php Á¨¨ 658 Ë°å.
NOTIC: [8] Undefined variable: web D:\Work\phpstudy_pro\WWW\tool\Application\Runtime\Cache\Home\5f5878b563bbd0551b6c84d71156b7e9.php Á¨¨ 668 Ë°å.
NOTIC: [8] Undefined variable: link_list D:\Work\phpstudy_pro\WWW\tool\Application\Runtime\Cache\Home\5f5878b563bbd0551b6c84d71156b7e9.php Á¨¨ 681 Ë°å.
INFO: Run Behavior\ParseTemplateBehavior [ RunTime:0.005401s ]
INFO: [ view_parse ] --END-- [ RunTime:0.005410s ]
INFO: [ view_filter ] --START--
INFO: Run Behavior\WriteHtmlCacheBehavior [ RunTime:0.000091s ]
INFO: [ view_filter ] --END-- [ RunTime:0.000097s ]
INFO: [ app_end ] --START--
INFO: Run Behavior\ShowPageTraceBehavior [ RunTime:0.000225s ]
INFO: [ app_end ] --END-- [ RunTime:0.000239s ]

[ 2024-04-30T14:47:06+08:00 ] 127.0.0.1 /index.php/Home/index/xieyi.html
INFO: [ app_init ] --START--
INFO: Run Behavior\BuildLiteBehavior [ RunTime:0.000005s ]
INFO: [ app_init ] --END-- [ RunTime:0.000177s ]
INFO: [ app_begin ] --START--
INFO: Run Behavior\ReadHtmlCacheBehavior [ RunTime:0.000185s ]
INFO: [ app_begin ] --END-- [ RunTime:0.000195s ]
INFO: [ view_parse ] --START--
INFO: [ template_filter ] --START--
INFO: Run Behavior\ContentReplaceBehavior [ RunTime:0.000020s ]
INFO: [ template_filter ] --END-- [ RunTime:0.000031s ]
INFO: Run Behavior\ParseTemplateBehavior [ RunTime:0.002253s ]
INFO: [ view_parse ] --END-- [ RunTime:0.002263s ]
INFO: [ view_filter ] --START--
INFO: Run Behavior\WriteHtmlCacheBehavior [ RunTime:0.000099s ]
INFO: [ view_filter ] --END-- [ RunTime:0.000103s ]
INFO: [ app_end ] --START--
INFO: Run Behavior\ShowPageTraceBehavior [ RunTime:0.000211s ]
INFO: [ app_end ] --END-- [ RunTime:0.000217s ]

[ 2024-04-30T14:47:53+08:00 ] 127.0.0.1 /
INFO: [ app_init ] --START--
INFO: Run Behavior\BuildLiteBehavior [ RunTime:0.000004s ]
INFO: [ app_init ] --END-- [ RunTime:0.000113s ]
INFO: [ app_begin ] --START--
INFO: Run Behavior\ReadHtmlCacheBehavior [ RunTime:0.000160s ]
INFO: [ app_begin ] --END-- [ RunTime:0.000170s ]
SQL: SHOW COLUMNS FROM `jxkj_article` [ RunTime:0.0017s ]
SQL: SHOW COLUMNS FROM `jxkj_banner` [ RunTime:0.0004s ]
SQL: SELECT * FROM `jxkj_banner` WHERE `is_del` = 0 AND `is_show` = 1 ORDER BY sort desc  [ RunTime:0.0003s ]
SQL: SELECT * FROM `jxkj_article` WHERE `is_del` = 0 AND `is_show` = 1 AND ( cate_id = 1 and is_tui = 1 ) ORDER BY addtime desc LIMIT 15   [ RunTime:0.0008s ]
SQL: SELECT * FROM `jxkj_article` WHERE `is_del` = 0 AND `is_show` = 1 AND ( cate_id = 2 and is_tui = 1 ) ORDER BY addtime desc LIMIT 15   [ RunTime:0.0006s ]
SQL: SHOW COLUMNS FROM `jxkj_menu` [ RunTime:0.0009s ]
SQL: SELECT * FROM `jxkj_menu` WHERE ( id = 3 ) LIMIT 1   [ RunTime:0.0002s ]
SQL: SHOW COLUMNS FROM `jxkj_dk_list` [ RunTime:0.0008s ]
SQL: SELECT * FROM `jxkj_dk_list` WHERE `is_del` = 0 AND `is_show` = 1 AND `id` IN ('352','356','358','360')  [ RunTime:0.0002s ]
INFO: [ view_parse ] --START--
INFO: [ template_filter ] --START--
INFO: Run Behavior\ContentReplaceBehavior [ RunTime:0.000075s ]
INFO: [ template_filter ] --END-- [ RunTime:0.000088s ]
NOTIC: [8] Undefined variable: menu D:\Work\phpstudy_pro\WWW\tool\Application\Runtime\Cache\Home\5f5878b563bbd0551b6c84d71156b7e9.php Á¨¨ 49 Ë°å.
NOTIC: [8] Undefined variable: web D:\Work\phpstudy_pro\WWW\tool\Application\Runtime\Cache\Home\5f5878b563bbd0551b6c84d71156b7e9.php Á¨¨ 54 Ë°å.
NOTIC: [8] Undefined variable: web D:\Work\phpstudy_pro\WWW\tool\Application\Runtime\Cache\Home\5f5878b563bbd0551b6c84d71156b7e9.php Á¨¨ 229 Ë°å.
NOTIC: [8] Undefined variable: menu D:\Work\phpstudy_pro\WWW\tool\Application\Runtime\Cache\Home\5f5878b563bbd0551b6c84d71156b7e9.php Á¨¨ 655 Ë°å.
NOTIC: [8] Undefined variable: web D:\Work\phpstudy_pro\WWW\tool\Application\Runtime\Cache\Home\5f5878b563bbd0551b6c84d71156b7e9.php Á¨¨ 657 Ë°å.
NOTIC: [8] Undefined variable: web D:\Work\phpstudy_pro\WWW\tool\Application\Runtime\Cache\Home\5f5878b563bbd0551b6c84d71156b7e9.php Á¨¨ 658 Ë°å.
NOTIC: [8] Undefined variable: web D:\Work\phpstudy_pro\WWW\tool\Application\Runtime\Cache\Home\5f5878b563bbd0551b6c84d71156b7e9.php Á¨¨ 668 Ë°å.
NOTIC: [8] Undefined variable: link_list D:\Work\phpstudy_pro\WWW\tool\Application\Runtime\Cache\Home\5f5878b563bbd0551b6c84d71156b7e9.php Á¨¨ 681 Ë°å.
INFO: Run Behavior\ParseTemplateBehavior [ RunTime:0.005454s ]
INFO: [ view_parse ] --END-- [ RunTime:0.005476s ]
INFO: [ view_filter ] --START--
INFO: Run Behavior\WriteHtmlCacheBehavior [ RunTime:0.000088s ]
INFO: [ view_filter ] --END-- [ RunTime:0.000094s ]
INFO: [ app_end ] --START--
INFO: Run Behavior\ShowPageTraceBehavior [ RunTime:0.000239s ]
INFO: [ app_end ] --END-- [ RunTime:0.000253s ]

[ 2024-04-30T14:47:53+08:00 ] 127.0.0.1 /index.php/Home/index/xieyi.html
INFO: [ app_init ] --START--
INFO: Run Behavior\BuildLiteBehavior [ RunTime:0.000003s ]
INFO: [ app_init ] --END-- [ RunTime:0.000117s ]
INFO: [ app_begin ] --START--
INFO: Run Behavior\ReadHtmlCacheBehavior [ RunTime:0.000222s ]
INFO: [ app_begin ] --END-- [ RunTime:0.000236s ]
ERR: Ê®°Êùø‰∏çÂ≠òÂú®:./Application/Home/View/Index/xieyi.html

[ 2024-04-30T14:48:08+08:00 ] 127.0.0.1 /
INFO: [ app_init ] --START--
INFO: Run Behavior\BuildLiteBehavior [ RunTime:0.000005s ]
INFO: [ app_init ] --END-- [ RunTime:0.000140s ]
INFO: [ app_begin ] --START--
INFO: Run Behavior\ReadHtmlCacheBehavior [ RunTime:0.000146s ]
INFO: [ app_begin ] --END-- [ RunTime:0.000154s ]
SQL: SHOW COLUMNS FROM `jxkj_article` [ RunTime:0.0011s ]
SQL: SHOW COLUMNS FROM `jxkj_banner` [ RunTime:0.0005s ]
SQL: SELECT * FROM `jxkj_banner` WHERE `is_del` = 0 AND `is_show` = 1 ORDER BY sort desc  [ RunTime:0.0003s ]
SQL: SELECT * FROM `jxkj_article` WHERE `is_del` = 0 AND `is_show` = 1 AND ( cate_id = 1 and is_tui = 1 ) ORDER BY addtime desc LIMIT 15   [ RunTime:0.0007s ]
SQL: SELECT * FROM `jxkj_article` WHERE `is_del` = 0 AND `is_show` = 1 AND ( cate_id = 2 and is_tui = 1 ) ORDER BY addtime desc LIMIT 15   [ RunTime:0.0006s ]
SQL: SHOW COLUMNS FROM `jxkj_menu` [ RunTime:0.0009s ]
SQL: SELECT * FROM `jxkj_menu` WHERE ( id = 3 ) LIMIT 1   [ RunTime:0.0002s ]
SQL: SHOW COLUMNS FROM `jxkj_dk_list` [ RunTime:0.0008s ]
SQL: SELECT * FROM `jxkj_dk_list` WHERE `is_del` = 0 AND `is_show` = 1 AND `id` IN ('352','356','358','360')  [ RunTime:0.0002s ]
INFO: [ view_parse ] --START--
INFO: [ template_filter ] --START--
INFO: Run Behavior\ContentReplaceBehavior [ RunTime:0.000009s ]
INFO: [ template_filter ] --END-- [ RunTime:0.000019s ]
INFO: Run Behavior\ParseTemplateBehavior [ RunTime:0.001737s ]
INFO: [ view_parse ] --END-- [ RunTime:0.001748s ]
INFO: [ view_filter ] --START--
INFO: Run Behavior\WriteHtmlCacheBehavior [ RunTime:0.000084s ]
INFO: [ view_filter ] --END-- [ RunTime:0.000090s ]
INFO: [ app_end ] --START--
INFO: Run Behavior\ShowPageTraceBehavior [ RunTime:0.000200s ]
INFO: [ app_end ] --END-- [ RunTime:0.000207s ]

[ 2024-04-30T14:48:26+08:00 ] 127.0.0.1 /
INFO: [ app_init ] --START--
INFO: Run Behavior\BuildLiteBehavior [ RunTime:0.000007s ]
INFO: [ app_init ] --END-- [ RunTime:0.000165s ]
INFO: [ app_begin ] --START--
INFO: Run Behavior\ReadHtmlCacheBehavior [ RunTime:0.000169s ]
INFO: [ app_begin ] --END-- [ RunTime:0.000178s ]
SQL: SHOW COLUMNS FROM `jxkj_article` [ RunTime:0.0008s ]
SQL: SHOW COLUMNS FROM `jxkj_banner` [ RunTime:0.0005s ]
SQL: SELECT * FROM `jxkj_banner` WHERE `is_del` = 0 AND `is_show` = 1 ORDER BY sort desc  [ RunTime:0.0002s ]
SQL: SELECT * FROM `jxkj_article` WHERE `is_del` = 0 AND `is_show` = 1 AND ( cate_id = 1 and is_tui = 1 ) ORDER BY addtime desc LIMIT 15   [ RunTime:0.0007s ]
SQL: SELECT * FROM `jxkj_article` WHERE `is_del` = 0 AND `is_show` = 1 AND ( cate_id = 2 and is_tui = 1 ) ORDER BY addtime desc LIMIT 15   [ RunTime:0.0008s ]
SQL: SHOW COLUMNS FROM `jxkj_menu` [ RunTime:0.0011s ]
SQL: SELECT * FROM `jxkj_menu` WHERE ( id = 3 ) LIMIT 1   [ RunTime:0.0004s ]
SQL: SHOW COLUMNS FROM `jxkj_dk_list` [ RunTime:0.0012s ]
SQL: SELECT * FROM `jxkj_dk_list` WHERE `is_del` = 0 AND `is_show` = 1 AND `id` IN ('352','356','358','360')  [ RunTime:0.0002s ]
INFO: [ view_parse ] --START--
INFO: [ template_filter ] --START--
INFO: Run Behavior\ContentReplaceBehavior [ RunTime:0.000009s ]
INFO: [ template_filter ] --END-- [ RunTime:0.000019s ]
INFO: Run Behavior\ParseTemplateBehavior [ RunTime:0.001760s ]
INFO: [ view_parse ] --END-- [ RunTime:0.001771s ]
INFO: [ view_filter ] --START--
INFO: Run Behavior\WriteHtmlCacheBehavior [ RunTime:0.000089s ]
INFO: [ view_filter ] --END-- [ RunTime:0.000096s ]
INFO: [ app_end ] --START--
INFO: Run Behavior\ShowPageTraceBehavior [ RunTime:0.000206s ]
INFO: [ app_end ] --END-- [ RunTime:0.000213s ]

[ 2024-04-30T14:48:27+08:00 ] 127.0.0.1 /
INFO: [ app_init ] --START--
INFO: Run Behavior\BuildLiteBehavior [ RunTime:0.000004s ]
INFO: [ app_init ] --END-- [ RunTime:0.000108s ]
INFO: [ app_begin ] --START--
INFO: Run Behavior\ReadHtmlCacheBehavior [ RunTime:0.000142s ]
INFO: [ app_begin ] --END-- [ RunTime:0.000152s ]
SQL: SHOW COLUMNS FROM `jxkj_article` [ RunTime:0.0008s ]
SQL: SHOW COLUMNS FROM `jxkj_banner` [ RunTime:0.0005s ]
SQL: SELECT * FROM `jxkj_banner` WHERE `is_del` = 0 AND `is_show` = 1 ORDER BY sort desc  [ RunTime:0.0003s ]
SQL: SELECT * FROM `jxkj_article` WHERE `is_del` = 0 AND `is_show` = 1 AND ( cate_id = 1 and is_tui = 1 ) ORDER BY addtime desc LIMIT 15   [ RunTime:0.0008s ]
SQL: SELECT * FROM `jxkj_article` WHERE `is_del` = 0 AND `is_show` = 1 AND ( cate_id = 2 and is_tui = 1 ) ORDER BY addtime desc LIMIT 15   [ RunTime:0.0006s ]
SQL: SHOW COLUMNS FROM `jxkj_menu` [ RunTime:0.0008s ]
SQL: SELECT * FROM `jxkj_menu` WHERE ( id = 3 ) LIMIT 1   [ RunTime:0.0002s ]
SQL: SHOW COLUMNS FROM `jxkj_dk_list` [ RunTime:0.0008s ]
SQL: SELECT * FROM `jxkj_dk_list` WHERE `is_del` = 0 AND `is_show` = 1 AND `id` IN ('352','356','358','360')  [ RunTime:0.0002s ]
INFO: [ view_parse ] --START--
INFO: [ template_filter ] --START--
INFO: Run Behavior\ContentReplaceBehavior [ RunTime:0.000012s ]
INFO: [ template_filter ] --END-- [ RunTime:0.000023s ]
INFO: Run Behavior\ParseTemplateBehavior [ RunTime:0.001897s ]
INFO: [ view_parse ] --END-- [ RunTime:0.001907s ]
INFO: [ view_filter ] --START--
INFO: Run Behavior\WriteHtmlCacheBehavior [ RunTime:0.000095s ]
INFO: [ view_filter ] --END-- [ RunTime:0.000103s ]
INFO: [ app_end ] --START--
INFO: Run Behavior\ShowPageTraceBehavior [ RunTime:0.000230s ]
INFO: [ app_end ] --END-- [ RunTime:0.000238s ]

[ 2024-04-30T14:48:27+08:00 ] 127.0.0.1 /
INFO: [ app_init ] --START--
INFO: Run Behavior\BuildLiteBehavior [ RunTime:0.000004s ]
INFO: [ app_init ] --END-- [ RunTime:0.000143s ]
INFO: [ app_begin ] --START--
INFO: Run Behavior\ReadHtmlCacheBehavior [ RunTime:0.000227s ]
INFO: [ app_begin ] --END-- [ RunTime:0.000236s ]
SQL: SHOW COLUMNS FROM `jxkj_article` [ RunTime:0.0008s ]
SQL: SHOW COLUMNS FROM `jxkj_banner` [ RunTime:0.0005s ]
SQL: SELECT * FROM `jxkj_banner` WHERE `is_del` = 0 AND `is_show` = 1 ORDER BY sort desc  [ RunTime:0.0004s ]
SQL: SELECT * FROM `jxkj_article` WHERE `is_del` = 0 AND `is_show` = 1 AND ( cate_id = 1 and is_tui = 1 ) ORDER BY addtime desc LIMIT 15   [ RunTime:0.0009s ]
SQL: SELECT * FROM `jxkj_article` WHERE `is_del` = 0 AND `is_show` = 1 AND ( cate_id = 2 and is_tui = 1 ) ORDER BY addtime desc LIMIT 15   [ RunTime:0.0006s ]
SQL: SHOW COLUMNS FROM `jxkj_menu` [ RunTime:0.0009s ]
SQL: SELECT * FROM `jxkj_menu` WHERE ( id = 3 ) LIMIT 1   [ RunTime:0.0002s ]
SQL: SHOW COLUMNS FROM `jxkj_dk_list` [ RunTime:0.0008s ]
SQL: SELECT * FROM `jxkj_dk_list` WHERE `is_del` = 0 AND `is_show` = 1 AND `id` IN ('352','356','358','360')  [ RunTime:0.0002s ]
INFO: [ view_parse ] --START--
INFO: [ template_filter ] --START--
INFO: Run Behavior\ContentReplaceBehavior [ RunTime:0.000051s ]
INFO: [ template_filter ] --END-- [ RunTime:0.000081s ]
INFO: Run Behavior\ParseTemplateBehavior [ RunTime:0.002808s ]
INFO: [ view_parse ] --END-- [ RunTime:0.002821s ]
INFO: [ view_filter ] --START--
INFO: Run Behavior\WriteHtmlCacheBehavior [ RunTime:0.000087s ]
INFO: [ view_filter ] --END-- [ RunTime:0.000092s ]
INFO: [ app_end ] --START--
INFO: Run Behavior\ShowPageTraceBehavior [ RunTime:0.000206s ]
INFO: [ app_end ] --END-- [ RunTime:0.000213s ]

[ 2024-04-30T14:48:47+08:00 ] 127.0.0.1 /index.php/home/api/addimg
INFO: [ app_init ] --START--
INFO: Run Behavior\BuildLiteBehavior [ RunTime:0.000003s ]
INFO: [ app_init ] --END-- [ RunTime:0.000108s ]
INFO: [ app_begin ] --START--
INFO: Run Behavior\ReadHtmlCacheBehavior [ RunTime:0.000163s ]
INFO: [ app_begin ] --END-- [ RunTime:0.000172s ]
INFO: [ view_parse ] --START--
INFO: [ template_filter ] --START--
INFO: Run Behavior\ContentReplaceBehavior [ RunTime:0.000017s ]
INFO: [ template_filter ] --END-- [ RunTime:0.000028s ]
INFO: Run Behavior\ParseTemplateBehavior [ RunTime:0.002295s ]
INFO: [ view_parse ] --END-- [ RunTime:0.002306s ]
INFO: [ view_filter ] --START--
INFO: Run Behavior\WriteHtmlCacheBehavior [ RunTime:0.000089s ]
INFO: [ view_filter ] --END-- [ RunTime:0.000095s ]
INFO: [ app_end ] --START--
INFO: Run Behavior\ShowPageTraceBehavior [ RunTime:0.000181s ]
INFO: [ app_end ] --END-- [ RunTime:0.000187s ]

[ 2024-04-30T14:55:26+08:00 ] 127.0.0.1 /index.php/home/api/addimg
INFO: [ app_init ] --START--
INFO: Run Behavior\BuildLiteBehavior [ RunTime:0.000003s ]
INFO: [ app_init ] --END-- [ RunTime:0.000132s ]
INFO: [ app_begin ] --START--
INFO: Run Behavior\ReadHtmlCacheBehavior [ RunTime:0.000200s ]
INFO: [ app_begin ] --END-- [ RunTime:0.000210s ]
INFO: [ view_parse ] --START--
INFO: [ template_filter ] --START--
INFO: Run Behavior\ContentReplaceBehavior [ RunTime:0.000026s ]
INFO: [ template_filter ] --END-- [ RunTime:0.000038s ]
INFO: Run Behavior\ParseTemplateBehavior [ RunTime:0.002339s ]
INFO: [ view_parse ] --END-- [ RunTime:0.002350s ]
INFO: [ view_filter ] --START--
INFO: Run Behavior\WriteHtmlCacheBehavior [ RunTime:0.000097s ]
INFO: [ view_filter ] --END-- [ RunTime:0.000103s ]
INFO: [ app_end ] --START--
INFO: Run Behavior\ShowPageTraceBehavior [ RunTime:0.000194s ]
INFO: [ app_end ] --END-- [ RunTime:0.000201s ]

[ 2024-04-30T14:55:59+08:00 ] 127.0.0.1 /index.php/home/api/addimg
INFO: [ app_init ] --START--
INFO: Run Behavior\BuildLiteBehavior [ RunTime:0.000004s ]
INFO: [ app_init ] --END-- [ RunTime:0.000142s ]
INFO: [ app_begin ] --START--
INFO: Run Behavior\ReadHtmlCacheBehavior [ RunTime:0.000158s ]
INFO: [ app_begin ] --END-- [ RunTime:0.000167s ]
INFO: [ view_parse ] --START--
INFO: [ template_filter ] --START--
INFO: Run Behavior\ContentReplaceBehavior [ RunTime:0.000016s ]
INFO: [ template_filter ] --END-- [ RunTime:0.000027s ]
INFO: Run Behavior\ParseTemplateBehavior [ RunTime:0.001834s ]
INFO: [ view_parse ] --END-- [ RunTime:0.001845s ]
INFO: [ view_filter ] --START--
INFO: Run Behavior\WriteHtmlCacheBehavior [ RunTime:0.000080s ]
INFO: [ view_filter ] --END-- [ RunTime:0.000087s ]
INFO: [ app_end ] --START--
INFO: Run Behavior\ShowPageTraceBehavior [ RunTime:0.000173s ]
INFO: [ app_end ] --END-- [ RunTime:0.000180s ]

[ 2024-04-30T14:56:00+08:00 ] 127.0.0.1 /index.php/home/api/addimg
INFO: [ app_init ] --START--
INFO: Run Behavior\BuildLiteBehavior [ RunTime:0.000004s ]
INFO: [ app_init ] --END-- [ RunTime:0.000128s ]
INFO: [ app_begin ] --START--
INFO: Run Behavior\ReadHtmlCacheBehavior [ RunTime:0.000147s ]
INFO: [ app_begin ] --END-- [ RunTime:0.000155s ]
INFO: [ view_parse ] --START--
INFO: [ template_filter ] --START--
INFO: Run Behavior\ContentReplaceBehavior [ RunTime:0.000016s ]
INFO: [ template_filter ] --END-- [ RunTime:0.000027s ]
INFO: Run Behavior\ParseTemplateBehavior [ RunTime:0.001827s ]
INFO: [ view_parse ] --END-- [ RunTime:0.001837s ]
INFO: [ view_filter ] --START--
INFO: Run Behavior\WriteHtmlCacheBehavior [ RunTime:0.000093s ]
INFO: [ view_filter ] --END-- [ RunTime:0.000099s ]
INFO: [ app_end ] --START--
INFO: Run Behavior\ShowPageTraceBehavior [ RunTime:0.000195s ]
INFO: [ app_end ] --END-- [ RunTime:0.000201s ]

[ 2024-04-30T14:56:00+08:00 ] 127.0.0.1 /index.php/home/api/addimg
INFO: [ app_init ] --START--
INFO: Run Behavior\BuildLiteBehavior [ RunTime:0.000003s ]
INFO: [ app_init ] --END-- [ RunTime:0.000105s ]
INFO: [ app_begin ] --START--
INFO: Run Behavior\ReadHtmlCacheBehavior [ RunTime:0.000143s ]
INFO: [ app_begin ] --END-- [ RunTime:0.000152s ]
INFO: [ view_parse ] --START--
INFO: [ template_filter ] --START--
INFO: Run Behavior\ContentReplaceBehavior [ RunTime:0.000018s ]
INFO: [ template_filter ] --END-- [ RunTime:0.000031s ]
INFO: Run Behavior\ParseTemplateBehavior [ RunTime:0.002259s ]
INFO: [ view_parse ] --END-- [ RunTime:0.002281s ]
INFO: [ view_filter ] --START--
INFO: Run Behavior\WriteHtmlCacheBehavior [ RunTime:0.000074s ]
INFO: [ view_filter ] --END-- [ RunTime:0.000080s ]
INFO: [ app_end ] --START--
INFO: Run Behavior\ShowPageTraceBehavior [ RunTime:0.000220s ]
INFO: [ app_end ] --END-- [ RunTime:0.000227s ]

[ 2024-04-30T14:56:00+08:00 ] 127.0.0.1 /index.php/home/api/addimg
INFO: [ app_init ] --START--
INFO: Run Behavior\BuildLiteBehavior [ RunTime:0.000004s ]
INFO: [ app_init ] --END-- [ RunTime:0.000122s ]
INFO: [ app_begin ] --START--
INFO: Run Behavior\ReadHtmlCacheBehavior [ RunTime:0.000185s ]
INFO: [ app_begin ] --END-- [ RunTime:0.000195s ]
INFO: [ view_parse ] --START--
INFO: [ template_filter ] --START--
INFO: Run Behavior\ContentReplaceBehavior [ RunTime:0.000016s ]
INFO: [ template_filter ] --END-- [ RunTime:0.000026s ]
INFO: Run Behavior\ParseTemplateBehavior [ RunTime:0.002033s ]
INFO: [ view_parse ] --END-- [ RunTime:0.002058s ]
INFO: [ view_filter ] --START--
INFO: Run Behavior\WriteHtmlCacheBehavior [ RunTime:0.000076s ]
INFO: [ view_filter ] --END-- [ RunTime:0.000082s ]
INFO: [ app_end ] --START--
INFO: Run Behavior\ShowPageTraceBehavior [ RunTime:0.000184s ]
INFO: [ app_end ] --END-- [ RunTime:0.000190s ]

[ 2024-04-30T14:56:24+08:00 ] 127.0.0.1 /index.php/home/api/addimg
INFO: [ app_init ] --START--
INFO: Run Behavior\BuildLiteBehavior [ RunTime:0.000004s ]
INFO: [ app_init ] --END-- [ RunTime:0.000162s ]
INFO: [ app_begin ] --START--
INFO: Run Behavior\ReadHtmlCacheBehavior [ RunTime:0.000191s ]
INFO: [ app_begin ] --END-- [ RunTime:0.000199s ]
INFO: [ view_parse ] --START--
INFO: [ template_filter ] --START--
INFO: Run Behavior\ContentReplaceBehavior [ RunTime:0.000014s ]
INFO: [ template_filter ] --END-- [ RunTime:0.000025s ]
INFO: Run Behavior\ParseTemplateBehavior [ RunTime:0.002052s ]
INFO: [ view_parse ] --END-- [ RunTime:0.002063s ]
INFO: [ view_filter ] --START--
INFO: Run Behavior\WriteHtmlCacheBehavior [ RunTime:0.000077s ]
INFO: [ view_filter ] --END-- [ RunTime:0.000083s ]
INFO: [ app_end ] --START--
INFO: Run Behavior\ShowPageTraceBehavior [ RunTime:0.000183s ]
INFO: [ app_end ] --END-- [ RunTime:0.000191s ]

[ 2024-04-30T14:56:38+08:00 ] 127.0.0.1 /index.php/home/api/addimg
INFO: [ app_init ] --START--
INFO: Run Behavior\BuildLiteBehavior [ RunTime:0.000006s ]
INFO: [ app_init ] --END-- [ RunTime:0.000172s ]
INFO: [ app_begin ] --START--
INFO: Run Behavior\ReadHtmlCacheBehavior [ RunTime:0.000272s ]
INFO: [ app_begin ] --END-- [ RunTime:0.000287s ]
INFO: [ view_parse ] --START--
INFO: [ template_filter ] --START--
INFO: Run Behavior\ContentReplaceBehavior [ RunTime:0.000023s ]
INFO: [ template_filter ] --END-- [ RunTime:0.000040s ]
INFO: Run Behavior\ParseTemplateBehavior [ RunTime:0.002345s ]
INFO: [ view_parse ] --END-- [ RunTime:0.002379s ]
INFO: [ view_filter ] --START--
INFO: Run Behavior\WriteHtmlCacheBehavior [ RunTime:0.000102s ]
INFO: [ view_filter ] --END-- [ RunTime:0.000108s ]
INFO: [ app_end ] --START--
INFO: Run Behavior\ShowPageTraceBehavior [ RunTime:0.000184s ]
INFO: [ app_end ] --END-- [ RunTime:0.000190s ]

[ 2024-04-30T14:57:59+08:00 ] 127.0.0.1 /index.php/home/api/addimg
INFO: [ app_init ] --START--
INFO: Run Behavior\BuildLiteBehavior [ RunTime:0.000004s ]
INFO: [ app_init ] --END-- [ RunTime:0.000130s ]
INFO: [ app_begin ] --START--
INFO: Run Behavior\ReadHtmlCacheBehavior [ RunTime:0.000166s ]
INFO: [ app_begin ] --END-- [ RunTime:0.000176s ]
INFO: [ view_parse ] --START--
INFO: [ template_filter ] --START--
INFO: Run Behavior\ContentReplaceBehavior [ RunTime:0.000016s ]
INFO: [ template_filter ] --END-- [ RunTime:0.000026s ]
INFO: Run Behavior\ParseTemplateBehavior [ RunTime:0.002294s ]
INFO: [ view_parse ] --END-- [ RunTime:0.002305s ]
INFO: [ view_filter ] --START--
INFO: Run Behavior\WriteHtmlCacheBehavior [ RunTime:0.000155s ]
INFO: [ view_filter ] --END-- [ RunTime:0.000161s ]
INFO: [ app_end ] --START--
INFO: Run Behavior\ShowPageTraceBehavior [ RunTime:0.000314s ]
INFO: [ app_end ] --END-- [ RunTime:0.000321s ]

[ 2024-04-30T14:58:05+08:00 ] 127.0.0.1 /index.php/home/api/addimg
INFO: [ app_init ] --START--
INFO: Run Behavior\BuildLiteBehavior [ RunTime:0.000003s ]
INFO: [ app_init ] --END-- [ RunTime:0.000124s ]
INFO: [ app_begin ] --START--
INFO: Run Behavior\ReadHtmlCacheBehavior [ RunTime:0.000144s ]
INFO: [ app_begin ] --END-- [ RunTime:0.000153s ]
INFO: [ view_parse ] --START--
INFO: [ template_filter ] --START--
INFO: Run Behavior\ContentReplaceBehavior [ RunTime:0.000015s ]
INFO: [ template_filter ] --END-- [ RunTime:0.000026s ]
INFO: Run Behavior\ParseTemplateBehavior [ RunTime:0.002204s ]
INFO: [ view_parse ] --END-- [ RunTime:0.002214s ]
INFO: [ view_filter ] --START--
INFO: Run Behavior\WriteHtmlCacheBehavior [ RunTime:0.000088s ]
INFO: [ view_filter ] --END-- [ RunTime:0.000094s ]
INFO: [ app_end ] --START--
INFO: Run Behavior\ShowPageTraceBehavior [ RunTime:0.000194s ]
INFO: [ app_end ] --END-- [ RunTime:0.000200s ]

[ 2024-04-30T14:58:21+08:00 ] 127.0.0.1 /index.php/home/api/addimg
INFO: [ app_init ] --START--
INFO: Run Behavior\BuildLiteBehavior [ RunTime:0.000010s ]
INFO: [ app_init ] --END-- [ RunTime:0.000156s ]
INFO: [ app_begin ] --START--
INFO: Run Behavior\ReadHtmlCacheBehavior [ RunTime:0.000207s ]
INFO: [ app_begin ] --END-- [ RunTime:0.000225s ]
INFO: [ view_parse ] --START--
INFO: [ template_filter ] --START--
INFO: Run Behavior\ContentReplaceBehavior [ RunTime:0.000015s ]
INFO: [ template_filter ] --END-- [ RunTime:0.000025s ]
INFO: Run Behavior\ParseTemplateBehavior [ RunTime:0.001814s ]
INFO: [ view_parse ] --END-- [ RunTime:0.001824s ]
INFO: [ view_filter ] --START--
INFO: Run Behavior\WriteHtmlCacheBehavior [ RunTime:0.000078s ]
INFO: [ view_filter ] --END-- [ RunTime:0.000083s ]
INFO: [ app_end ] --START--
INFO: Run Behavior\ShowPageTraceBehavior [ RunTime:0.000194s ]
INFO: [ app_end ] --END-- [ RunTime:0.000200s ]

[ 2024-04-30T15:00:21+08:00 ] 127.0.0.1 /index.php/home/api/addimg
INFO: [ app_init ] --START--
INFO: Run Behavior\BuildLiteBehavior [ RunTime:0.000004s ]
INFO: [ app_init ] --END-- [ RunTime:0.000148s ]
INFO: [ app_begin ] --START--
INFO: Run Behavior\ReadHtmlCacheBehavior [ RunTime:0.000228s ]
INFO: [ app_begin ] --END-- [ RunTime:0.000239s ]
INFO: [ view_parse ] --START--
INFO: [ template_filter ] --START--
INFO: Run Behavior\ContentReplaceBehavior [ RunTime:0.000016s ]
INFO: [ template_filter ] --END-- [ RunTime:0.000027s ]
INFO: Run Behavior\ParseTemplateBehavior [ RunTime:0.002227s ]
INFO: [ view_parse ] --END-- [ RunTime:0.002246s ]
INFO: [ view_filter ] --START--
INFO: Run Behavior\WriteHtmlCacheBehavior [ RunTime:0.000112s ]
INFO: [ view_filter ] --END-- [ RunTime:0.000118s ]
INFO: [ app_end ] --START--
INFO: Run Behavior\ShowPageTraceBehavior [ RunTime:0.000194s ]
INFO: [ app_end ] --END-- [ RunTime:0.000200s ]

[ 2024-04-30T15:00:43+08:00 ] 127.0.0.1 /index.php/home/api/addimg
INFO: [ app_init ] --START--
INFO: Run Behavior\BuildLiteBehavior [ RunTime:0.000012s ]
INFO: [ app_init ] --END-- [ RunTime:0.000202s ]
INFO: [ app_begin ] --START--
INFO: Run Behavior\ReadHtmlCacheBehavior [ RunTime:0.000208s ]
INFO: [ app_begin ] --END-- [ RunTime:0.000219s ]
INFO: [ view_parse ] --START--
INFO: [ template_filter ] --START--
INFO: Run Behavior\ContentReplaceBehavior [ RunTime:0.000016s ]
INFO: [ template_filter ] --END-- [ RunTime:0.000028s ]
INFO: Run Behavior\ParseTemplateBehavior [ RunTime:0.002082s ]
INFO: [ view_parse ] --END-- [ RunTime:0.002093s ]
INFO: [ view_filter ] --START--
INFO: Run Behavior\WriteHtmlCacheBehavior [ RunTime:0.000097s ]
INFO: [ view_filter ] --END-- [ RunTime:0.000103s ]
INFO: [ app_end ] --START--
INFO: Run Behavior\ShowPageTraceBehavior [ RunTime:0.000237s ]
INFO: [ app_end ] --END-- [ RunTime:0.000244s ]

[ 2024-04-30T15:00:51+08:00 ] 127.0.0.1 /index.php/home/api/addimg
INFO: [ app_init ] --START--
INFO: Run Behavior\BuildLiteBehavior [ RunTime:0.000004s ]
INFO: [ app_init ] --END-- [ RunTime:0.000115s ]
INFO: [ app_begin ] --START--
INFO: Run Behavior\ReadHtmlCacheBehavior [ RunTime:0.000148s ]
INFO: [ app_begin ] --END-- [ RunTime:0.000157s ]
INFO: [ view_parse ] --START--
INFO: [ template_filter ] --START--
INFO: Run Behavior\ContentReplaceBehavior [ RunTime:0.000018s ]
INFO: [ template_filter ] --END-- [ RunTime:0.000029s ]
INFO: Run Behavior\ParseTemplateBehavior [ RunTime:0.001946s ]
INFO: [ view_parse ] --END-- [ RunTime:0.001958s ]
INFO: [ view_filter ] --START--
INFO: Run Behavior\WriteHtmlCacheBehavior [ RunTime:0.000122s ]
INFO: [ view_filter ] --END-- [ RunTime:0.000130s ]
INFO: [ app_end ] --START--
INFO: Run Behavior\ShowPageTraceBehavior [ RunTime:0.000231s ]
INFO: [ app_end ] --END-- [ RunTime:0.000242s ]

[ 2024-04-30T15:02:48+08:00 ] 127.0.0.1 /index.php/home/api/addimg
INFO: [ app_init ] --START--
INFO: Run Behavior\BuildLiteBehavior [ RunTime:0.000004s ]
INFO: [ app_init ] --END-- [ RunTime:0.000142s ]
INFO: [ app_begin ] --START--
INFO: Run Behavior\ReadHtmlCacheBehavior [ RunTime:0.000208s ]
INFO: [ app_begin ] --END-- [ RunTime:0.000218s ]
INFO: [ view_parse ] --START--
INFO: [ template_filter ] --START--
INFO: Run Behavior\ContentReplaceBehavior [ RunTime:0.000017s ]
INFO: [ template_filter ] --END-- [ RunTime:0.000037s ]
INFO: Run Behavior\ParseTemplateBehavior [ RunTime:0.002379s ]
INFO: [ view_parse ] --END-- [ RunTime:0.002393s ]
INFO: [ view_filter ] --START--
INFO: Run Behavior\WriteHtmlCacheBehavior [ RunTime:0.000096s ]
INFO: [ view_filter ] --END-- [ RunTime:0.000101s ]
INFO: [ app_end ] --START--
INFO: Run Behavior\ShowPageTraceBehavior [ RunTime:0.000197s ]
INFO: [ app_end ] --END-- [ RunTime:0.000204s ]

[ 2024-04-30T15:02:52+08:00 ] 127.0.0.1 /index.php/home/api/addimg
INFO: [ app_init ] --START--
INFO: Run Behavior\BuildLiteBehavior [ RunTime:0.000003s ]
INFO: [ app_init ] --END-- [ RunTime:0.000108s ]
INFO: [ app_begin ] --START--
INFO: Run Behavior\ReadHtmlCacheBehavior [ RunTime:0.000148s ]
INFO: [ app_begin ] --END-- [ RunTime:0.000157s ]
INFO: [ view_parse ] --START--
INFO: [ template_filter ] --START--
INFO: Run Behavior\ContentReplaceBehavior [ RunTime:0.000015s ]
INFO: [ template_filter ] --END-- [ RunTime:0.000025s ]
INFO: Run Behavior\ParseTemplateBehavior [ RunTime:0.002021s ]
INFO: [ view_parse ] --END-- [ RunTime:0.002030s ]
INFO: [ view_filter ] --START--
INFO: Run Behavior\WriteHtmlCacheBehavior [ RunTime:0.000075s ]
INFO: [ view_filter ] --END-- [ RunTime:0.000081s ]
INFO: [ app_end ] --START--
INFO: Run Behavior\ShowPageTraceBehavior [ RunTime:0.000191s ]
INFO: [ app_end ] --END-- [ RunTime:0.000198s ]

[ 2024-04-30T15:03:03+08:00 ] 127.0.0.1 /index.php/home/api/addimg
INFO: [ app_init ] --START--
INFO: Run Behavior\BuildLiteBehavior [ RunTime:0.000017s ]
INFO: [ app_init ] --END-- [ RunTime:0.000247s ]
INFO: [ app_begin ] --START--
INFO: Run Behavior\ReadHtmlCacheBehavior [ RunTime:0.000287s ]
INFO: [ app_begin ] --END-- [ RunTime:0.000303s ]
INFO: [ view_parse ] --START--
INFO: [ template_filter ] --START--
INFO: Run Behavior\ContentReplaceBehavior [ RunTime:0.000020s ]
INFO: [ template_filter ] --END-- [ RunTime:0.000033s ]
INFO: Run Behavior\ParseTemplateBehavior [ RunTime:0.002073s ]
INFO: [ view_parse ] --END-- [ RunTime:0.002083s ]
INFO: [ view_filter ] --START--
INFO: Run Behavior\WriteHtmlCacheBehavior [ RunTime:0.000094s ]
INFO: [ view_filter ] --END-- [ RunTime:0.000100s ]
INFO: [ app_end ] --START--
INFO: Run Behavior\ShowPageTraceBehavior [ RunTime:0.000266s ]
INFO: [ app_end ] --END-- [ RunTime:0.000274s ]

[ 2024-04-30T15:03:07+08:00 ] 127.0.0.1 /index.php/Home/api/addImgDo.html
INFO: [ app_init ] --START--
INFO: Run Behavior\BuildLiteBehavior [ RunTime:0.000005s ]
INFO: [ app_init ] --END-- [ RunTime:0.000158s ]
INFO: [ app_begin ] --START--
INFO: Run Behavior\ReadHtmlCacheBehavior [ RunTime:0.000177s ]
INFO: [ app_begin ] --END-- [ RunTime:0.000186s ]
NOTIC: [2] scandir(./Img/2/,./Img/2/): œµÕ≥’“≤ªµΩ÷∏∂®µƒŒƒº˛°£ (code: 2) D:\Work\phpstudy_pro\WWW\tool\Application\Home\Controller\ApiController.class.php Á¨¨ 26 Ë°å.
NOTIC: [2] scandir(./Img/2/): failed to open dir: No such file or directory D:\Work\phpstudy_pro\WWW\tool\Application\Home\Controller\ApiController.class.php Á¨¨ 26 Ë°å.
NOTIC: [2] scandir(): (errno 2): No such file or directory D:\Work\phpstudy_pro\WWW\tool\Application\Home\Controller\ApiController.class.php Á¨¨ 26 Ë°å.
NOTIC: [2] Invalid argument supplied for foreach() D:\Work\phpstudy_pro\WWW\tool\Application\Home\Controller\ApiController.class.php Á¨¨ 28 Ë°å.
NOTIC: [2] scandir(./Files/2/,./Files/2/): œµÕ≥’“≤ªµΩ÷∏∂®µƒŒƒº˛°£ (code: 2) D:\Work\phpstudy_pro\WWW\tool\Application\Home\Controller\ApiController.class.php Á¨¨ 37 Ë°å.
NOTIC: [2] scandir(./Files/2/): failed to open dir: No such file or directory D:\Work\phpstudy_pro\WWW\tool\Application\Home\Controller\ApiController.class.php Á¨¨ 37 Ë°å.
NOTIC: [2] scandir(): (errno 2): No such file or directory D:\Work\phpstudy_pro\WWW\tool\Application\Home\Controller\ApiController.class.php Á¨¨ 37 Ë°å.
NOTIC: [2] Invalid argument supplied for foreach() D:\Work\phpstudy_pro\WWW\tool\Application\Home\Controller\ApiController.class.php Á¨¨ 41 Ë°å.

[ 2024-04-30T15:07:00+08:00 ] 127.0.0.1 /index.php/home/api/addimg
INFO: [ app_init ] --START--
INFO: Run Behavior\BuildLiteBehavior [ RunTime:0.000003s ]
INFO: [ app_init ] --END-- [ RunTime:0.000128s ]
INFO: [ app_begin ] --START--
INFO: Run Behavior\ReadHtmlCacheBehavior [ RunTime:0.000246s ]
INFO: [ app_begin ] --END-- [ RunTime:0.000256s ]
INFO: [ view_parse ] --START--
INFO: [ template_filter ] --START--
INFO: Run Behavior\ContentReplaceBehavior [ RunTime:0.000015s ]
INFO: [ template_filter ] --END-- [ RunTime:0.000026s ]
INFO: Run Behavior\ParseTemplateBehavior [ RunTime:0.002685s ]
INFO: [ view_parse ] --END-- [ RunTime:0.002695s ]
INFO: [ view_filter ] --START--
INFO: Run Behavior\WriteHtmlCacheBehavior [ RunTime:0.000115s ]
INFO: [ view_filter ] --END-- [ RunTime:0.000122s ]
INFO: [ app_end ] --START--
INFO: Run Behavior\ShowPageTraceBehavior [ RunTime:0.000279s ]
INFO: [ app_end ] --END-- [ RunTime:0.000287s ]

[ 2024-04-30T15:07:08+08:00 ] 127.0.0.1 /index.php/Home/api/addImgDo.html
INFO: [ app_init ] --START--
INFO: Run Behavior\BuildLiteBehavior [ RunTime:0.000003s ]
INFO: [ app_init ] --END-- [ RunTime:0.000140s ]
INFO: [ app_begin ] --START--
INFO: Run Behavior\ReadHtmlCacheBehavior [ RunTime:0.000193s ]
INFO: [ app_begin ] --END-- [ RunTime:0.000207s ]

[ 2024-04-30T15:09:20+08:00 ] 127.0.0.1 /index.php/home/api/addimg
INFO: [ app_init ] --START--
INFO: Run Behavior\BuildLiteBehavior [ RunTime:0.000003s ]
INFO: [ app_init ] --END-- [ RunTime:0.000130s ]
INFO: [ app_begin ] --START--
INFO: Run Behavior\ReadHtmlCacheBehavior [ RunTime:0.000182s ]
INFO: [ app_begin ] --END-- [ RunTime:0.000192s ]
INFO: [ view_parse ] --START--
INFO: [ template_filter ] --START--
INFO: Run Behavior\ContentReplaceBehavior [ RunTime:0.000015s ]
INFO: [ template_filter ] --END-- [ RunTime:0.000026s ]
INFO: Run Behavior\ParseTemplateBehavior [ RunTime:0.002038s ]
INFO: [ view_parse ] --END-- [ RunTime:0.002048s ]
INFO: [ view_filter ] --START--
INFO: Run Behavior\WriteHtmlCacheBehavior [ RunTime:0.000111s ]
INFO: [ view_filter ] --END-- [ RunTime:0.000117s ]
INFO: [ app_end ] --START--
INFO: Run Behavior\ShowPageTraceBehavior [ RunTime:0.000183s ]
INFO: [ app_end ] --END-- [ RunTime:0.000190s ]

[ 2024-04-30T15:09:20+08:00 ] 127.0.0.1 /index.php/home/api/addimg
INFO: [ app_init ] --START--
INFO: Run Behavior\BuildLiteBehavior [ RunTime:0.000003s ]
INFO: [ app_init ] --END-- [ RunTime:0.000113s ]
INFO: [ app_begin ] --START--
INFO: Run Behavior\ReadHtmlCacheBehavior [ RunTime:0.000144s ]
INFO: [ app_begin ] --END-- [ RunTime:0.000153s ]
INFO: [ view_parse ] --START--
INFO: [ template_filter ] --START--
INFO: Run Behavior\ContentReplaceBehavior [ RunTime:0.000015s ]
INFO: [ template_filter ] --END-- [ RunTime:0.000026s ]
INFO: Run Behavior\ParseTemplateBehavior [ RunTime:0.001769s ]
INFO: [ view_parse ] --END-- [ RunTime:0.001779s ]
INFO: [ view_filter ] --START--
INFO: Run Behavior\WriteHtmlCacheBehavior [ RunTime:0.000077s ]
INFO: [ view_filter ] --END-- [ RunTime:0.000082s ]
INFO: [ app_end ] --START--
INFO: Run Behavior\ShowPageTraceBehavior [ RunTime:0.000180s ]
INFO: [ app_end ] --END-- [ RunTime:0.000186s ]

[ 2024-04-30T15:09:20+08:00 ] 127.0.0.1 /index.php/home/api/addimg
INFO: [ app_init ] --START--
INFO: Run Behavior\BuildLiteBehavior [ RunTime:0.000003s ]
INFO: [ app_init ] --END-- [ RunTime:0.000106s ]
INFO: [ app_begin ] --START--
INFO: Run Behavior\ReadHtmlCacheBehavior [ RunTime:0.000148s ]
INFO: [ app_begin ] --END-- [ RunTime:0.000158s ]
INFO: [ view_parse ] --START--
INFO: [ template_filter ] --START--
INFO: Run Behavior\ContentReplaceBehavior [ RunTime:0.000016s ]
INFO: [ template_filter ] --END-- [ RunTime:0.000027s ]
INFO: Run Behavior\ParseTemplateBehavior [ RunTime:0.001794s ]
INFO: [ view_parse ] --END-- [ RunTime:0.001808s ]
INFO: [ view_filter ] --START--
INFO: Run Behavior\WriteHtmlCacheBehavior [ RunTime:0.000098s ]
INFO: [ view_filter ] --END-- [ RunTime:0.000104s ]
INFO: [ app_end ] --START--
INFO: Run Behavior\ShowPageTraceBehavior [ RunTime:0.000205s ]
INFO: [ app_end ] --END-- [ RunTime:0.000213s ]

[ 2024-04-30T15:09:27+08:00 ] 127.0.0.1 /index.php/Home/api/addImgDo.html
INFO: [ app_init ] --START--
INFO: Run Behavior\BuildLiteBehavior [ RunTime:0.000006s ]
INFO: [ app_init ] --END-- [ RunTime:0.000134s ]
INFO: [ app_begin ] --START--
INFO: Run Behavior\ReadHtmlCacheBehavior [ RunTime:0.000157s ]
INFO: [ app_begin ] --END-- [ RunTime:0.000166s ]

[ 2024-04-30T15:13:26+08:00 ] 127.0.0.1 /index.php/home/api/addimg
INFO: [ app_init ] --START--
INFO: Run Behavior\BuildLiteBehavior [ RunTime:0.000004s ]
INFO: [ app_init ] --END-- [ RunTime:0.000133s ]
INFO: [ app_begin ] --START--
INFO: Run Behavior\ReadHtmlCacheBehavior [ RunTime:0.000163s ]
INFO: [ app_begin ] --END-- [ RunTime:0.000171s ]
INFO: [ view_parse ] --START--
INFO: [ template_filter ] --START--
INFO: Run Behavior\ContentReplaceBehavior [ RunTime:0.000016s ]
INFO: [ template_filter ] --END-- [ RunTime:0.000025s ]
INFO: Run Behavior\ParseTemplateBehavior [ RunTime:0.001981s ]
INFO: [ view_parse ] --END-- [ RunTime:0.001991s ]
INFO: [ view_filter ] --START--
INFO: Run Behavior\WriteHtmlCacheBehavior [ RunTime:0.000110s ]
INFO: [ view_filter ] --END-- [ RunTime:0.000117s ]
INFO: [ app_end ] --START--
INFO: Run Behavior\ShowPageTraceBehavior [ RunTime:0.000214s ]
INFO: [ app_end ] --END-- [ RunTime:0.000221s ]

[ 2024-04-30T15:13:30+08:00 ] 127.0.0.1 /index.php/Home/api/addImgDo.html
INFO: [ app_init ] --START--
INFO: Run Behavior\BuildLiteBehavior [ RunTime:0.000003s ]
INFO: [ app_init ] --END-- [ RunTime:0.000109s ]
INFO: [ app_begin ] --START--
INFO: Run Behavior\ReadHtmlCacheBehavior [ RunTime:0.000144s ]
INFO: [ app_begin ] --END-- [ RunTime:0.000153s ]

[ 2024-04-30T15:13:57+08:00 ] 127.0.0.1 /index.php/home/api/addimg
INFO: [ app_init ] --START--
INFO: Run Behavior\BuildLiteBehavior [ RunTime:0.000004s ]
INFO: [ app_init ] --END-- [ RunTime:0.000171s ]
INFO: [ app_begin ] --START--
INFO: Run Behavior\ReadHtmlCacheBehavior [ RunTime:0.000200s ]
INFO: [ app_begin ] --END-- [ RunTime:0.000211s ]
INFO: [ view_parse ] --START--
INFO: [ template_filter ] --START--
INFO: Run Behavior\ContentReplaceBehavior [ RunTime:0.000018s ]
INFO: [ template_filter ] --END-- [ RunTime:0.000038s ]
INFO: Run Behavior\ParseTemplateBehavior [ RunTime:0.002296s ]
INFO: [ view_parse ] --END-- [ RunTime:0.002306s ]
INFO: [ view_filter ] --START--
INFO: Run Behavior\WriteHtmlCacheBehavior [ RunTime:0.000102s ]
INFO: [ view_filter ] --END-- [ RunTime:0.000108s ]
INFO: [ app_end ] --START--
INFO: Run Behavior\ShowPageTraceBehavior [ RunTime:0.000179s ]
INFO: [ app_end ] --END-- [ RunTime:0.000185s ]

[ 2024-04-30T15:14:01+08:00 ] 127.0.0.1 /index.php/Home/api/addImgDo.html
INFO: [ app_init ] --START--
INFO: Run Behavior\BuildLiteBehavior [ RunTime:0.000004s ]
INFO: [ app_init ] --END-- [ RunTime:0.000163s ]
INFO: [ app_begin ] --START--
INFO: Run Behavior\ReadHtmlCacheBehavior [ RunTime:0.000172s ]
INFO: [ app_begin ] --END-- [ RunTime:0.000186s ]
NOTIC: [8] Undefined offset: 0 D:\Work\phpstudy_pro\WWW\tool\Application\Home\Controller\ApiController.class.php Á¨¨ 47 Ë°å.
NOTIC: [8] Undefined offset: 1 D:\Work\phpstudy_pro\WWW\tool\Application\Home\Controller\ApiController.class.php Á¨¨ 47 Ë°å.
NOTIC: [8] Undefined offset: 0 D:\Work\phpstudy_pro\WWW\tool\Application\Home\Controller\ApiController.class.php Á¨¨ 47 Ë°å.
NOTIC: [8] Undefined offset: 1 D:\Work\phpstudy_pro\WWW\tool\Application\Home\Controller\ApiController.class.php Á¨¨ 47 Ë°å.
NOTIC: [8] Undefined offset: 0 D:\Work\phpstudy_pro\WWW\tool\Application\Home\Controller\ApiController.class.php Á¨¨ 47 Ë°å.
NOTIC: [8] Undefined offset: 1 D:\Work\phpstudy_pro\WWW\tool\Application\Home\Controller\ApiController.class.php Á¨¨ 47 Ë°å.
NOTIC: [8] Undefined offset: 0 D:\Work\phpstudy_pro\WWW\tool\Application\Home\Controller\ApiController.class.php Á¨¨ 47 Ë°å.
NOTIC: [8] Undefined offset: 1 D:\Work\phpstudy_pro\WWW\tool\Application\Home\Controller\ApiController.class.php Á¨¨ 47 Ë°å.
NOTIC: [8] Undefined offset: 0 D:\Work\phpstudy_pro\WWW\tool\Application\Home\Controller\ApiController.class.php Á¨¨ 47 Ë°å.
NOTIC: [8] Undefined offset: 1 D:\Work\phpstudy_pro\WWW\tool\Application\Home\Controller\ApiController.class.php Á¨¨ 47 Ë°å.
NOTIC: [8] Undefined offset: 0 D:\Work\phpstudy_pro\WWW\tool\Application\Home\Controller\ApiController.class.php Á¨¨ 47 Ë°å.
NOTIC: [8] Undefined offset: 1 D:\Work\phpstudy_pro\WWW\tool\Application\Home\Controller\ApiController.class.php Á¨¨ 47 Ë°å.
NOTIC: [8] Undefined offset: 0 D:\Work\phpstudy_pro\WWW\tool\Application\Home\Controller\ApiController.class.php Á¨¨ 47 Ë°å.
NOTIC: [8] Undefined offset: 1 D:\Work\phpstudy_pro\WWW\tool\Application\Home\Controller\ApiController.class.php Á¨¨ 47 Ë°å.
NOTIC: [8] Undefined offset: 0 D:\Work\phpstudy_pro\WWW\tool\Application\Home\Controller\ApiController.class.php Á¨¨ 47 Ë°å.
NOTIC: [8] Undefined offset: 1 D:\Work\phpstudy_pro\WWW\tool\Application\Home\Controller\ApiController.class.php Á¨¨ 47 Ë°å.
NOTIC: [8] Undefined offset: 0 D:\Work\phpstudy_pro\WWW\tool\Application\Home\Controller\ApiController.class.php Á¨¨ 47 Ë°å.
NOTIC: [8] Undefined offset: 1 D:\Work\phpstudy_pro\WWW\tool\Application\Home\Controller\ApiController.class.php Á¨¨ 47 Ë°å.
NOTIC: [8] Undefined offset: 0 D:\Work\phpstudy_pro\WWW\tool\Application\Home\Controller\ApiController.class.php Á¨¨ 47 Ë°å.
NOTIC: [8] Undefined offset: 1 D:\Work\phpstudy_pro\WWW\tool\Application\Home\Controller\ApiController.class.php Á¨¨ 47 Ë°å.
NOTIC: [8] Undefined offset: 0 D:\Work\phpstudy_pro\WWW\tool\Application\Home\Controller\ApiController.class.php Á¨¨ 47 Ë°å.
NOTIC: [8] Undefined offset: 1 D:\Work\phpstudy_pro\WWW\tool\Application\Home\Controller\ApiController.class.php Á¨¨ 47 Ë°å.
NOTIC: [8] Undefined offset: 0 D:\Work\phpstudy_pro\WWW\tool\Application\Home\Controller\ApiController.class.php Á¨¨ 47 Ë°å.
NOTIC: [8] Undefined offset: 1 D:\Work\phpstudy_pro\WWW\tool\Application\Home\Controller\ApiController.class.php Á¨¨ 47 Ë°å.
NOTIC: [8] Undefined offset: 0 D:\Work\phpstudy_pro\WWW\tool\Application\Home\Controller\ApiController.class.php Á¨¨ 47 Ë°å.
NOTIC: [8] Undefined offset: 1 D:\Work\phpstudy_pro\WWW\tool\Application\Home\Controller\ApiController.class.php Á¨¨ 47 Ë°å.
NOTIC: [8] Undefined offset: 0 D:\Work\phpstudy_pro\WWW\tool\Application\Home\Controller\ApiController.class.php Á¨¨ 47 Ë°å.
NOTIC: [8] Undefined offset: 1 D:\Work\phpstudy_pro\WWW\tool\Application\Home\Controller\ApiController.class.php Á¨¨ 47 Ë°å.
NOTIC: [8] Undefined offset: 0 D:\Work\phpstudy_pro\WWW\tool\Application\Home\Controller\ApiController.class.php Á¨¨ 47 Ë°å.
NOTIC: [8] Undefined offset: 1 D:\Work\phpstudy_pro\WWW\tool\Application\Home\Controller\ApiController.class.php Á¨¨ 47 Ë°å.
NOTIC: [8] Undefined offset: 0 D:\Work\phpstudy_pro\WWW\tool\Application\Home\Controller\ApiController.class.php Á¨¨ 47 Ë°å.
NOTIC: [8] Undefined offset: 1 D:\Work\phpstudy_pro\WWW\tool\Application\Home\Controller\ApiController.class.php Á¨¨ 47 Ë°å.
NOTIC: [8] Undefined offset: 0 D:\Work\phpstudy_pro\WWW\tool\Application\Home\Controller\ApiController.class.php Á¨¨ 47 Ë°å.
NOTIC: [8] Undefined offset: 1 D:\Work\phpstudy_pro\WWW\tool\Application\Home\Controller\ApiController.class.php Á¨¨ 47 Ë°å.
NOTIC: [8] Undefined offset: 0 D:\Work\phpstudy_pro\WWW\tool\Application\Home\Controller\ApiController.class.php Á¨¨ 47 Ë°å.
NOTIC: [8] Undefined offset: 1 D:\Work\phpstudy_pro\WWW\tool\Application\Home\Controller\ApiController.class.php Á¨¨ 47 Ë°å.
NOTIC: [8] Undefined offset: 0 D:\Work\phpstudy_pro\WWW\tool\Application\Home\Controller\ApiController.class.php Á¨¨ 47 Ë°å.
NOTIC: [8] Undefined offset: 1 D:\Work\phpstudy_pro\WWW\tool\Application\Home\Controller\ApiController.class.php Á¨¨ 47 Ë°å.
NOTIC: [8] Undefined offset: 0 D:\Work\phpstudy_pro\WWW\tool\Application\Home\Controller\ApiController.class.php Á¨¨ 47 Ë°å.
NOTIC: [8] Undefined offset: 1 D:\Work\phpstudy_pro\WWW\tool\Application\Home\Controller\ApiController.class.php Á¨¨ 47 Ë°å.
NOTIC: [8] Undefined offset: 0 D:\Work\phpstudy_pro\WWW\tool\Application\Home\Controller\ApiController.class.php Á¨¨ 47 Ë°å.
NOTIC: [8] Undefined offset: 1 D:\Work\phpstudy_pro\WWW\tool\Application\Home\Controller\ApiController.class.php Á¨¨ 47 Ë°å.
NOTIC: [8] Undefined offset: 0 D:\Work\phpstudy_pro\WWW\tool\Application\Home\Controller\ApiController.class.php Á¨¨ 47 Ë°å.
NOTIC: [8] Undefined offset: 1 D:\Work\phpstudy_pro\WWW\tool\Application\Home\Controller\ApiController.class.php Á¨¨ 47 Ë°å.
NOTIC: [8] Undefined offset: 0 D:\Work\phpstudy_pro\WWW\tool\Application\Home\Controller\ApiController.class.php Á¨¨ 47 Ë°å.
NOTIC: [8] Undefined offset: 1 D:\Work\phpstudy_pro\WWW\tool\Application\Home\Controller\ApiController.class.php Á¨¨ 47 Ë°å.
NOTIC: [8] Undefined offset: 0 D:\Work\phpstudy_pro\WWW\tool\Application\Home\Controller\ApiController.class.php Á¨¨ 47 Ë°å.
NOTIC: [8] Undefined offset: 1 D:\Work\phpstudy_pro\WWW\tool\Application\Home\Controller\ApiController.class.php Á¨¨ 47 Ë°å.
NOTIC: [8] Undefined offset: 0 D:\Work\phpstudy_pro\WWW\tool\Application\Home\Controller\ApiController.class.php Á¨¨ 47 Ë°å.
NOTIC: [8] Undefined offset: 1 D:\Work\phpstudy_pro\WWW\tool\Application\Home\Controller\ApiController.class.php Á¨¨ 47 Ë°å.
NOTIC: [8] Undefined offset: 0 D:\Work\phpstudy_pro\WWW\tool\Application\Home\Controller\ApiController.class.php Á¨¨ 47 Ë°å.
NOTIC: [8] Undefined offset: 1 D:\Work\phpstudy_pro\WWW\tool\Application\Home\Controller\ApiController.class.php Á¨¨ 47 Ë°å.
NOTIC: [8] Undefined offset: 0 D:\Work\phpstudy_pro\WWW\tool\Application\Home\Controller\ApiController.class.php Á¨¨ 47 Ë°å.
NOTIC: [8] Undefined offset: 1 D:\Work\phpstudy_pro\WWW\tool\Application\Home\Controller\ApiController.class.php Á¨¨ 47 Ë°å.
NOTIC: [8] Undefined offset: 0 D:\Work\phpstudy_pro\WWW\tool\Application\Home\Controller\ApiController.class.php Á¨¨ 47 Ë°å.
NOTIC: [8] Undefined offset: 1 D:\Work\phpstudy_pro\WWW\tool\Application\Home\Controller\ApiController.class.php Á¨¨ 47 Ë°å.
NOTIC: [8] Undefined offset: 0 D:\Work\phpstudy_pro\WWW\tool\Application\Home\Controller\ApiController.class.php Á¨¨ 47 Ë°å.
NOTIC: [8] Undefined offset: 1 D:\Work\phpstudy_pro\WWW\tool\Application\Home\Controller\ApiController.class.php Á¨¨ 47 Ë°å.
NOTIC: [8] Undefined offset: 0 D:\Work\phpstudy_pro\WWW\tool\Application\Home\Controller\ApiController.class.php Á¨¨ 47 Ë°å.
NOTIC: [8] Undefined offset: 1 D:\Work\phpstudy_pro\WWW\tool\Application\Home\Controller\ApiController.class.php Á¨¨ 47 Ë°å.
NOTIC: [8] Undefined offset: 0 D:\Work\phpstudy_pro\WWW\tool\Application\Home\Controller\ApiController.class.php Á¨¨ 47 Ë°å.
NOTIC: [8] Undefined offset: 1 D:\Work\phpstudy_pro\WWW\tool\Application\Home\Controller\ApiController.class.php Á¨¨ 47 Ë°å.
NOTIC: [8] Undefined offset: 0 D:\Work\phpstudy_pro\WWW\tool\Application\Home\Controller\ApiController.class.php Á¨¨ 47 Ë°å.
NOTIC: [8] Undefined offset: 1 D:\Work\phpstudy_pro\WWW\tool\Application\Home\Controller\ApiController.class.php Á¨¨ 47 Ë°å.
NOTIC: [8] Undefined offset: 0 D:\Work\phpstudy_pro\WWW\tool\Application\Home\Controller\ApiController.class.php Á¨¨ 47 Ë°å.
NOTIC: [8] Undefined offset: 1 D:\Work\phpstudy_pro\WWW\tool\Application\Home\Controller\ApiController.class.php Á¨¨ 47 Ë°å.
NOTIC: [8] Undefined offset: 0 D:\Work\phpstudy_pro\WWW\tool\Application\Home\Controller\ApiController.class.php Á¨¨ 47 Ë°å.
NOTIC: [8] Undefined offset: 1 D:\Work\phpstudy_pro\WWW\tool\Application\Home\Controller\ApiController.class.php Á¨¨ 47 Ë°å.
NOTIC: [8] Undefined offset: 0 D:\Work\phpstudy_pro\WWW\tool\Application\Home\Controller\ApiController.class.php Á¨¨ 47 Ë°å.
NOTIC: [8] Undefined offset: 1 D:\Work\phpstudy_pro\WWW\tool\Application\Home\Controller\ApiController.class.php Á¨¨ 47 Ë°å.
NOTIC: [8] Undefined offset: 0 D:\Work\phpstudy_pro\WWW\tool\Application\Home\Controller\ApiController.class.php Á¨¨ 47 Ë°å.
NOTIC: [8] Undefined offset: 1 D:\Work\phpstudy_pro\WWW\tool\Application\Home\Controller\ApiController.class.php Á¨¨ 47 Ë°å.
NOTIC: [8] Undefined offset: 0 D:\Work\phpstudy_pro\WWW\tool\Application\Home\Controller\ApiController.class.php Á¨¨ 47 Ë°å.
NOTIC: [8] Undefined offset: 1 D:\Work\phpstudy_pro\WWW\tool\Application\Home\Controller\ApiController.class.php Á¨¨ 47 Ë°å.
NOTIC: [8] Undefined offset: 0 D:\Work\phpstudy_pro\WWW\tool\Application\Home\Controller\ApiController.class.php Á¨¨ 47 Ë°å.
NOTIC: [8] Undefined offset: 1 D:\Work\phpstudy_pro\WWW\tool\Application\Home\Controller\ApiController.class.php Á¨¨ 47 Ë°å.
NOTIC: [8] Undefined offset: 0 D:\Work\phpstudy_pro\WWW\tool\Application\Home\Controller\ApiController.class.php Á¨¨ 47 Ë°å.
NOTIC: [8] Undefined offset: 1 D:\Work\phpstudy_pro\WWW\tool\Application\Home\Controller\ApiController.class.php Á¨¨ 47 Ë°å.
NOTIC: [8] Undefined offset: 0 D:\Work\phpstudy_pro\WWW\tool\Application\Home\Controller\ApiController.class.php Á¨¨ 47 Ë°å.
NOTIC: [8] Undefined offset: 1 D:\Work\phpstudy_pro\WWW\tool\Application\Home\Controller\ApiController.class.php Á¨¨ 47 Ë°å.
NOTIC: [8] Undefined offset: 0 D:\Work\phpstudy_pro\WWW\tool\Application\Home\Controller\ApiController.class.php Á¨¨ 47 Ë°å.
NOTIC: [8] Undefined offset: 1 D:\Work\phpstudy_pro\WWW\tool\Application\Home\Controller\ApiController.class.php Á¨¨ 47 Ë°å.
NOTIC: [8] Undefined offset: 0 D:\Work\phpstudy_pro\WWW\tool\Application\Home\Controller\ApiController.class.php Á¨¨ 47 Ë°å.
NOTIC: [8] Undefined offset: 1 D:\Work\phpstudy_pro\WWW\tool\Application\Home\Controller\ApiController.class.php Á¨¨ 47 Ë°å.
NOTIC: [8] Undefined offset: 0 D:\Work\phpstudy_pro\WWW\tool\Application\Home\Controller\ApiController.class.php Á¨¨ 47 Ë°å.
NOTIC: [8] Undefined offset: 1 D:\Work\phpstudy_pro\WWW\tool\Application\Home\Controller\ApiController.class.php Á¨¨ 47 Ë°å.
NOTIC: [8] Undefined offset: 0 D:\Work\phpstudy_pro\WWW\tool\Application\Home\Controller\ApiController.class.php Á¨¨ 47 Ë°å.
NOTIC: [8] Undefined offset: 1 D:\Work\phpstudy_pro\WWW\tool\Application\Home\Controller\ApiController.class.php Á¨¨ 47 Ë°å.
NOTIC: [8] Undefined offset: 0 D:\Work\phpstudy_pro\WWW\tool\Application\Home\Controller\ApiController.class.php Á¨¨ 47 Ë°å.
NOTIC: [8] Undefined offset: 1 D:\Work\phpstudy_pro\WWW\tool\Application\Home\Controller\ApiController.class.php Á¨¨ 47 Ë°å.
NOTIC: [8] Undefined offset: 0 D:\Work\phpstudy_pro\WWW\tool\Application\Home\Controller\ApiController.class.php Á¨¨ 47 Ë°å.
NOTIC: [8] Undefined offset: 1 D:\Work\phpstudy_pro\WWW\tool\Application\Home\Controller\ApiController.class.php Á¨¨ 47 Ë°å.
NOTIC: [8] Undefined offset: 0 D:\Work\phpstudy_pro\WWW\tool\Application\Home\Controller\ApiController.class.php Á¨¨ 47 Ë°å.
NOTIC: [8] Undefined offset: 1 D:\Work\phpstudy_pro\WWW\tool\Application\Home\Controller\ApiController.class.php Á¨¨ 47 Ë°å.
NOTIC: [8] Undefined offset: 0 D:\Work\phpstudy_pro\WWW\tool\Application\Home\Controller\ApiController.class.php Á¨¨ 47 Ë°å.
NOTIC: [8] Undefined offset: 1 D:\Work\phpstudy_pro\WWW\tool\Application\Home\Controller\ApiController.class.php Á¨¨ 47 Ë°å.
NOTIC: [8] Undefined offset: 0 D:\Work\phpstudy_pro\WWW\tool\Application\Home\Controller\ApiController.class.php Á¨¨ 47 Ë°å.
NOTIC: [8] Undefined offset: 1 D:\Work\phpstudy_pro\WWW\tool\Application\Home\Controller\ApiController.class.php Á¨¨ 47 Ë°å.
NOTIC: [8] Undefined offset: 0 D:\Work\phpstudy_pro\WWW\tool\Application\Home\Controller\ApiController.class.php Á¨¨ 47 Ë°å.
NOTIC: [8] Undefined offset: 1 D:\Work\phpstudy_pro\WWW\tool\Application\Home\Controller\ApiController.class.php Á¨¨ 47 Ë°å.
NOTIC: [8] Undefined offset: 0 D:\Work\phpstudy_pro\WWW\tool\Application\Home\Controller\ApiController.class.php Á¨¨ 47 Ë°å.
NOTIC: [8] Undefined offset: 1 D:\Work\phpstudy_pro\WWW\tool\Application\Home\Controller\ApiController.class.php Á¨¨ 47 Ë°å.
NOTIC: [8] Undefined offset: 0 D:\Work\phpstudy_pro\WWW\tool\Application\Home\Controller\ApiController.class.php Á¨¨ 47 Ë°å.
NOTIC: [8] Undefined offset: 1 D:\Work\phpstudy_pro\WWW\tool\Application\Home\Controller\ApiController.class.php Á¨¨ 47 Ë°å.
NOTIC: [8] Undefined offset: 0 D:\Work\phpstudy_pro\WWW\tool\Application\Home\Controller\ApiController.class.php Á¨¨ 47 Ë°å.
NOTIC: [8] Undefined offset: 1 D:\Work\phpstudy_pro\WWW\tool\Application\Home\Controller\ApiController.class.php Á¨¨ 47 Ë°å.

[ 2024-04-30T15:17:13+08:00 ] 127.0.0.1 /index.php/home/api/addimg
INFO: [ app_init ] --START--
INFO: Run Behavior\BuildLiteBehavior [ RunTime:0.000003s ]
INFO: [ app_init ] --END-- [ RunTime:0.000147s ]
INFO: [ app_begin ] --START--
INFO: Run Behavior\ReadHtmlCacheBehavior [ RunTime:0.000193s ]
INFO: [ app_begin ] --END-- [ RunTime:0.000202s ]
INFO: [ view_parse ] --START--
INFO: [ template_filter ] --START--
INFO: Run Behavior\ContentReplaceBehavior [ RunTime:0.000016s ]
INFO: [ template_filter ] --END-- [ RunTime:0.000027s ]
INFO: Run Behavior\ParseTemplateBehavior [ RunTime:0.002344s ]
INFO: [ view_parse ] --END-- [ RunTime:0.002358s ]
INFO: [ view_filter ] --START--
INFO: Run Behavior\WriteHtmlCacheBehavior [ RunTime:0.000110s ]
INFO: [ view_filter ] --END-- [ RunTime:0.000117s ]
INFO: [ app_end ] --START--
INFO: Run Behavior\ShowPageTraceBehavior [ RunTime:0.000261s ]
INFO: [ app_end ] --END-- [ RunTime:0.000268s ]

[ 2024-04-30T15:24:44+08:00 ] 127.0.0.1 /index.php/home/api/addimg
INFO: [ app_init ] --START--
INFO: Run Behavior\BuildLiteBehavior [ RunTime:0.000004s ]
INFO: [ app_init ] --END-- [ RunTime:0.000137s ]
INFO: [ app_begin ] --START--
INFO: Run Behavior\ReadHtmlCacheBehavior [ RunTime:0.000184s ]
INFO: [ app_begin ] --END-- [ RunTime:0.000193s ]
INFO: [ view_parse ] --START--
INFO: [ template_filter ] --START--
INFO: Run Behavior\ContentReplaceBehavior [ RunTime:0.000017s ]
INFO: [ template_filter ] --END-- [ RunTime:0.000027s ]
INFO: Run Behavior\ParseTemplateBehavior [ RunTime:0.002043s ]
INFO: [ view_parse ] --END-- [ RunTime:0.002054s ]
INFO: [ view_filter ] --START--
INFO: Run Behavior\WriteHtmlCacheBehavior [ RunTime:0.000095s ]
INFO: [ view_filter ] --END-- [ RunTime:0.000102s ]
INFO: [ app_end ] --START--
INFO: Run Behavior\ShowPageTraceBehavior [ RunTime:0.000203s ]
INFO: [ app_end ] --END-- [ RunTime:0.000213s ]

[ 2024-04-30T15:24:45+08:00 ] 127.0.0.1 /index.php/home/api/addimg
INFO: [ app_init ] --START--
INFO: Run Behavior\BuildLiteBehavior [ RunTime:0.000004s ]
INFO: [ app_init ] --END-- [ RunTime:0.000131s ]
INFO: [ app_begin ] --START--
INFO: Run Behavior\ReadHtmlCacheBehavior [ RunTime:0.000171s ]
INFO: [ app_begin ] --END-- [ RunTime:0.000179s ]
INFO: [ view_parse ] --START--
INFO: [ template_filter ] --START--
INFO: Run Behavior\ContentReplaceBehavior [ RunTime:0.000015s ]
INFO: [ template_filter ] --END-- [ RunTime:0.000026s ]
INFO: Run Behavior\ParseTemplateBehavior [ RunTime:0.001796s ]
INFO: [ view_parse ] --END-- [ RunTime:0.001805s ]
INFO: [ view_filter ] --START--
INFO: Run Behavior\WriteHtmlCacheBehavior [ RunTime:0.000081s ]
INFO: [ view_filter ] --END-- [ RunTime:0.000086s ]
INFO: [ app_end ] --START--
INFO: Run Behavior\ShowPageTraceBehavior [ RunTime:0.000185s ]
INFO: [ app_end ] --END-- [ RunTime:0.000191s ]

[ 2024-04-30T15:24:45+08:00 ] 127.0.0.1 /index.php/home/api/addimg
INFO: [ app_init ] --START--
INFO: Run Behavior\BuildLiteBehavior [ RunTime:0.000003s ]
INFO: [ app_init ] --END-- [ RunTime:0.000129s ]
INFO: [ app_begin ] --START--
INFO: Run Behavior\ReadHtmlCacheBehavior [ RunTime:0.000160s ]
INFO: [ app_begin ] --END-- [ RunTime:0.000170s ]
INFO: [ view_parse ] --START--
INFO: [ template_filter ] --START--
INFO: Run Behavior\ContentReplaceBehavior [ RunTime:0.000015s ]
INFO: [ template_filter ] --END-- [ RunTime:0.000026s ]
INFO: Run Behavior\ParseTemplateBehavior [ RunTime:0.001790s ]
INFO: [ view_parse ] --END-- [ RunTime:0.001802s ]
INFO: [ view_filter ] --START--
INFO: Run Behavior\WriteHtmlCacheBehavior [ RunTime:0.000093s ]
INFO: [ view_filter ] --END-- [ RunTime:0.000098s ]
INFO: [ app_end ] --START--
INFO: Run Behavior\ShowPageTraceBehavior [ RunTime:0.000192s ]
INFO: [ app_end ] --END-- [ RunTime:0.000198s ]

