[ 2024-05-31T10:36:20+08:00 ] 127.0.0.1 /index.php/home/test/addimg
INFO: [ app_init ] --START--
INFO: Run Behavior\BuildLiteBehavior [ RunTime:0.000006s ]
INFO: [ app_init ] --END-- [ RunTime:0.000612s ]
INFO: [ app_begin ] --START--
INFO: Run Behavior\ReadHtmlCacheBehavior [ RunTime:0.000728s ]
INFO: [ app_begin ] --END-- [ RunTime:0.000744s ]
INFO: [ app_end ] --START--
INFO: Run Behavior\ShowPageTraceBehavior [ RunTime:0.000586s ]
INFO: [ app_end ] --END-- [ RunTime:0.000614s ]

[ 2024-05-31T10:36:30+08:00 ] 127.0.0.1 /index.php/home/test/addimg
INFO: [ app_init ] --START--
INFO: Run Behavior\BuildLiteBehavior [ RunTime:0.000003s ]
INFO: [ app_init ] --END-- [ RunTime:0.000158s ]
INFO: [ app_begin ] --START--
INFO: Run Behavior\ReadHtmlCacheBehavior [ RunTime:0.000144s ]
INFO: [ app_begin ] --END-- [ RunTime:0.000153s ]
INFO: [ app_end ] --START--
INFO: Run Behavior\ShowPageTraceBehavior [ RunTime:0.000165s ]
INFO: [ app_end ] --END-- [ RunTime:0.000175s ]

[ 2024-05-31T10:37:09+08:00 ] 127.0.0.1 /index.php/home/test/addimg
INFO: [ app_init ] --START--
INFO: Run Behavior\BuildLiteBehavior [ RunTime:0.000003s ]
INFO: [ app_init ] --END-- [ RunTime:0.000104s ]
INFO: [ app_begin ] --START--
INFO: Run Behavior\ReadHtmlCacheBehavior [ RunTime:0.000164s ]
INFO: [ app_begin ] --END-- [ RunTime:0.000173s ]
INFO: [ app_end ] --START--
INFO: Run Behavior\ShowPageTraceBehavior [ RunTime:0.000210s ]
INFO: [ app_end ] --END-- [ RunTime:0.000223s ]

[ 2024-05-31T10:38:06+08:00 ] 127.0.0.1 /index.php/home/test/addimg
INFO: [ app_init ] --START--
INFO: Run Behavior\BuildLiteBehavior [ RunTime:0.000003s ]
INFO: [ app_init ] --END-- [ RunTime:0.000107s ]
INFO: [ app_begin ] --START--
INFO: Run Behavior\ReadHtmlCacheBehavior [ RunTime:0.000144s ]
INFO: [ app_begin ] --END-- [ RunTime:0.000153s ]
INFO: [ app_end ] --START--
INFO: Run Behavior\ShowPageTraceBehavior [ RunTime:0.000367s ]
INFO: [ app_end ] --END-- [ RunTime:0.000391s ]

[ 2024-05-31T10:39:31+08:00 ] 127.0.0.1 /index.php/home/test/addimg
INFO: [ app_init ] --START--
INFO: Run Behavior\BuildLiteBehavior [ RunTime:0.000003s ]
INFO: [ app_init ] --END-- [ RunTime:0.000131s ]
INFO: [ app_begin ] --START--
INFO: Run Behavior\ReadHtmlCacheBehavior [ RunTime:0.000164s ]
INFO: [ app_begin ] --END-- [ RunTime:0.000173s ]
INFO: [ app_end ] --START--
INFO: Run Behavior\ShowPageTraceBehavior [ RunTime:0.000337s ]
INFO: [ app_end ] --END-- [ RunTime:0.000361s ]

[ 2024-05-31T13:49:24+08:00 ] 127.0.0.1 /index.php/home/test/addimg
INFO: [ app_init ] --START--
INFO: Run Behavior\BuildLiteBehavior [ RunTime:0.000005s ]
INFO: [ app_init ] --END-- [ RunTime:0.000158s ]
INFO: [ app_begin ] --START--
INFO: Run Behavior\ReadHtmlCacheBehavior [ RunTime:0.000215s ]
INFO: [ app_begin ] --END-- [ RunTime:0.000226s ]
INFO: [ app_end ] --START--
INFO: Run Behavior\ShowPageTraceBehavior [ RunTime:0.000513s ]
INFO: [ app_end ] --END-- [ RunTime:0.000542s ]

[ 2024-05-31T13:50:47+08:00 ] 127.0.0.1 /index.php/home/test/addimg
INFO: [ app_init ] --START--
INFO: Run Behavior\BuildLiteBehavior [ RunTime:0.000003s ]
INFO: [ app_init ] --END-- [ RunTime:0.000106s ]
INFO: [ app_begin ] --START--
INFO: Run Behavior\ReadHtmlCacheBehavior [ RunTime:0.000145s ]
INFO: [ app_begin ] --END-- [ RunTime:0.000154s ]
INFO: [ app_end ] --START--
INFO: Run Behavior\ShowPageTraceBehavior [ RunTime:0.000317s ]
INFO: [ app_end ] --END-- [ RunTime:0.000339s ]

[ 2024-05-31T13:51:32+08:00 ] 127.0.0.1 /index.php/home/test/addimg
INFO: [ app_init ] --START--
INFO: Run Behavior\BuildLiteBehavior [ RunTime:0.000004s ]
INFO: [ app_init ] --END-- [ RunTime:0.000146s ]
INFO: [ app_begin ] --START--
INFO: Run Behavior\ReadHtmlCacheBehavior [ RunTime:0.000149s ]
INFO: [ app_begin ] --END-- [ RunTime:0.000158s ]
INFO: [ app_end ] --START--
INFO: Run Behavior\ShowPageTraceBehavior [ RunTime:0.000522s ]
INFO: [ app_end ] --END-- [ RunTime:0.000547s ]

[ 2024-05-31T14:45:58+08:00 ] 127.0.0.1 /index.php/home/test/addimg
INFO: [ app_init ] --START--
INFO: Run Behavior\BuildLiteBehavior [ RunTime:0.000004s ]
INFO: [ app_init ] --END-- [ RunTime:0.000205s ]
INFO: [ app_begin ] --START--
INFO: Run Behavior\ReadHtmlCacheBehavior [ RunTime:0.000240s ]
INFO: [ app_begin ] --END-- [ RunTime:0.000250s ]
INFO: [ app_end ] --START--
INFO: Run Behavior\ShowPageTraceBehavior [ RunTime:0.000376s ]
INFO: [ app_end ] --END-- [ RunTime:0.000400s ]

[ 2024-05-31T14:46:07+08:00 ] 127.0.0.1 /index.php/home/test/addimg
INFO: [ app_init ] --START--
INFO: Run Behavior\BuildLiteBehavior [ RunTime:0.000007s ]
INFO: [ app_init ] --END-- [ RunTime:0.000121s ]
INFO: [ app_begin ] --START--
INFO: Run Behavior\ReadHtmlCacheBehavior [ RunTime:0.000181s ]
INFO: [ app_begin ] --END-- [ RunTime:0.000192s ]
INFO: [ app_end ] --START--
INFO: Run Behavior\ShowPageTraceBehavior [ RunTime:0.000300s ]
INFO: [ app_end ] --END-- [ RunTime:0.000331s ]

[ 2024-05-31T14:46:09+08:00 ] 127.0.0.1 /index.php/home/test/addimg
INFO: [ app_init ] --START--
INFO: Run Behavior\BuildLiteBehavior [ RunTime:0.000004s ]
INFO: [ app_init ] --END-- [ RunTime:0.000131s ]
INFO: [ app_begin ] --START--
INFO: Run Behavior\ReadHtmlCacheBehavior [ RunTime:0.000197s ]
INFO: [ app_begin ] --END-- [ RunTime:0.000218s ]
INFO: [ app_end ] --START--
INFO: Run Behavior\ShowPageTraceBehavior [ RunTime:0.000347s ]
INFO: [ app_end ] --END-- [ RunTime:0.000370s ]

[ 2024-05-31T14:46:09+08:00 ] 127.0.0.1 /index.php/home/test/addimg
INFO: [ app_init ] --START--
INFO: Run Behavior\BuildLiteBehavior [ RunTime:0.000003s ]
INFO: [ app_init ] --END-- [ RunTime:0.000147s ]
INFO: [ app_begin ] --START--
INFO: Run Behavior\ReadHtmlCacheBehavior [ RunTime:0.000197s ]
INFO: [ app_begin ] --END-- [ RunTime:0.000206s ]
INFO: [ app_end ] --START--
INFO: Run Behavior\ShowPageTraceBehavior [ RunTime:0.000311s ]
INFO: [ app_end ] --END-- [ RunTime:0.000334s ]

[ 2024-05-31T14:46:10+08:00 ] 127.0.0.1 /index.php/home/test/addimg
INFO: [ app_init ] --START--
INFO: Run Behavior\BuildLiteBehavior [ RunTime:0.000006s ]
INFO: [ app_init ] --END-- [ RunTime:0.000146s ]
INFO: [ app_begin ] --START--
INFO: Run Behavior\ReadHtmlCacheBehavior [ RunTime:0.000166s ]
INFO: [ app_begin ] --END-- [ RunTime:0.000175s ]
INFO: [ app_end ] --START--
INFO: Run Behavior\ShowPageTraceBehavior [ RunTime:0.000324s ]
INFO: [ app_end ] --END-- [ RunTime:0.000348s ]

[ 2024-05-31T14:50:15+08:00 ] 127.0.0.1 /index.php/home/test/addimg
INFO: [ app_init ] --START--
INFO: Run Behavior\BuildLiteBehavior [ RunTime:0.000003s ]
INFO: [ app_init ] --END-- [ RunTime:0.000194s ]
INFO: [ app_begin ] --START--
INFO: Run Behavior\ReadHtmlCacheBehavior [ RunTime:0.000172s ]
INFO: [ app_begin ] --END-- [ RunTime:0.000183s ]
INFO: [ app_end ] --START--
INFO: Run Behavior\ShowPageTraceBehavior [ RunTime:0.000403s ]
INFO: [ app_end ] --END-- [ RunTime:0.000433s ]

[ 2024-05-31T16:48:25+08:00 ] 127.0.0.1 /
INFO: [ app_init ] --START--
INFO: Run Behavior\BuildLiteBehavior [ RunTime:0.000006s ]
INFO: [ app_init ] --END-- [ RunTime:0.000236s ]
INFO: [ app_begin ] --START--
INFO: Run Behavior\ReadHtmlCacheBehavior [ RunTime:0.000249s ]
INFO: [ app_begin ] --END-- [ RunTime:0.000260s ]
SQL: SHOW COLUMNS FROM `jxkj_article` [ RunTime:0.0211s ]
SQL: SHOW COLUMNS FROM `jxkj_banner` [ RunTime:0.0021s ]
SQL: SELECT * FROM `jxkj_banner` WHERE `is_del` = 0 AND `is_show` = 1 ORDER BY sort desc  [ RunTime:0.0054s ]
SQL: SELECT * FROM `jxkj_article` WHERE `is_del` = 0 AND `is_show` = 1 AND ( cate_id = 1 and is_tui = 1 ) ORDER BY addtime desc LIMIT 15   [ RunTime:0.0051s ]
SQL: SELECT * FROM `jxkj_article` WHERE `is_del` = 0 AND `is_show` = 1 AND ( cate_id = 2 and is_tui = 1 ) ORDER BY addtime desc LIMIT 15   [ RunTime:0.0008s ]
SQL: SHOW COLUMNS FROM `jxkj_menu` [ RunTime:0.0044s ]
SQL: SELECT * FROM `jxkj_menu` WHERE ( id = 3 ) LIMIT 1   [ RunTime:0.0019s ]
SQL: SHOW COLUMNS FROM `jxkj_dk_list` [ RunTime:0.0027s ]
SQL: SELECT * FROM `jxkj_dk_list` WHERE `is_del` = 0 AND `is_show` = 1 AND `id` IN ('352','356','358','360')  [ RunTime:0.0008s ]
INFO: [ view_parse ] --START--
INFO: [ template_filter ] --START--
INFO: Run Behavior\ContentReplaceBehavior [ RunTime:0.002140s ]
INFO: [ template_filter ] --END-- [ RunTime:0.002153s ]
INFO: Run Behavior\ParseTemplateBehavior [ RunTime:0.007622s ]
INFO: [ view_parse ] --END-- [ RunTime:0.007637s ]
INFO: [ view_filter ] --START--
INFO: Run Behavior\WriteHtmlCacheBehavior [ RunTime:0.000386s ]
INFO: [ view_filter ] --END-- [ RunTime:0.000396s ]
INFO: [ app_end ] --START--
INFO: Run Behavior\ShowPageTraceBehavior [ RunTime:0.000369s ]
INFO: [ app_end ] --END-- [ RunTime:0.000377s ]

[ 2024-05-31T16:48:29+08:00 ] 127.0.0.1 /index.php/home/test/addimg
INFO: [ app_init ] --START--
INFO: Run Behavior\BuildLiteBehavior [ RunTime:0.000003s ]
INFO: [ app_init ] --END-- [ RunTime:0.000124s ]
INFO: [ app_begin ] --START--
INFO: Run Behavior\ReadHtmlCacheBehavior [ RunTime:0.000160s ]
INFO: [ app_begin ] --END-- [ RunTime:0.000170s ]
INFO: [ app_end ] --START--
INFO: Run Behavior\ShowPageTraceBehavior [ RunTime:0.000434s ]
INFO: [ app_end ] --END-- [ RunTime:0.000456s ]

[ 2024-05-31T17:33:24+08:00 ] 127.0.0.1 /index.php/home/test/addimg
INFO: [ app_init ] --START--
INFO: Run Behavior\BuildLiteBehavior [ RunTime:0.000005s ]
INFO: [ app_init ] --END-- [ RunTime:0.000135s ]
INFO: [ app_begin ] --START--
INFO: Run Behavior\ReadHtmlCacheBehavior [ RunTime:0.000196s ]
INFO: [ app_begin ] --END-- [ RunTime:0.000206s ]
INFO: [ app_end ] --START--
INFO: Run Behavior\ShowPageTraceBehavior [ RunTime:0.000424s ]
INFO: [ app_end ] --END-- [ RunTime:0.000447s ]

[ 2024-05-31T17:35:02+08:00 ] 127.0.0.1 /index.php/home/test/addimg
INFO: [ app_init ] --START--
INFO: Run Behavior\BuildLiteBehavior [ RunTime:0.000003s ]
INFO: [ app_init ] --END-- [ RunTime:0.000107s ]
INFO: [ app_begin ] --START--
INFO: Run Behavior\ReadHtmlCacheBehavior [ RunTime:0.000144s ]
INFO: [ app_begin ] --END-- [ RunTime:0.000153s ]
INFO: [ app_end ] --START--
INFO: Run Behavior\ShowPageTraceBehavior [ RunTime:0.000323s ]
INFO: [ app_end ] --END-- [ RunTime:0.000348s ]

[ 2024-05-31T17:35:03+08:00 ] 127.0.0.1 /index.php/home/test/addimg
INFO: [ app_init ] --START--
INFO: Run Behavior\BuildLiteBehavior [ RunTime:0.000003s ]
INFO: [ app_init ] --END-- [ RunTime:0.000108s ]
INFO: [ app_begin ] --START--
INFO: Run Behavior\ReadHtmlCacheBehavior [ RunTime:0.000146s ]
INFO: [ app_begin ] --END-- [ RunTime:0.000155s ]
INFO: [ app_end ] --START--
INFO: Run Behavior\ShowPageTraceBehavior [ RunTime:0.000314s ]
INFO: [ app_end ] --END-- [ RunTime:0.000336s ]

[ 2024-05-31T17:35:03+08:00 ] 127.0.0.1 /index.php/home/test/addimg
INFO: [ app_init ] --START--
INFO: Run Behavior\BuildLiteBehavior [ RunTime:0.000004s ]
INFO: [ app_init ] --END-- [ RunTime:0.000119s ]
INFO: [ app_begin ] --START--
INFO: Run Behavior\ReadHtmlCacheBehavior [ RunTime:0.000150s ]
INFO: [ app_begin ] --END-- [ RunTime:0.000159s ]
INFO: [ app_end ] --START--
INFO: Run Behavior\ShowPageTraceBehavior [ RunTime:0.000390s ]
INFO: [ app_end ] --END-- [ RunTime:0.000415s ]

[ 2024-05-31T17:37:06+08:00 ] 127.0.0.1 /index.php/home/test/addimg
INFO: [ app_init ] --START--
INFO: Run Behavior\BuildLiteBehavior [ RunTime:0.000003s ]
INFO: [ app_init ] --END-- [ RunTime:0.000123s ]
INFO: [ app_begin ] --START--
INFO: Run Behavior\ReadHtmlCacheBehavior [ RunTime:0.000182s ]
INFO: [ app_begin ] --END-- [ RunTime:0.000191s ]
INFO: [ app_end ] --START--
INFO: Run Behavior\ShowPageTraceBehavior [ RunTime:0.000443s ]
INFO: [ app_end ] --END-- [ RunTime:0.000472s ]

[ 2024-05-31T17:40:27+08:00 ] 127.0.0.1 /index.php/home/test/addimg
INFO: [ app_init ] --START--
INFO: Run Behavior\BuildLiteBehavior [ RunTime:0.000020s ]
INFO: [ app_init ] --END-- [ RunTime:0.000146s ]
INFO: [ app_begin ] --START--
INFO: Run Behavior\ReadHtmlCacheBehavior [ RunTime:0.000218s ]
INFO: [ app_begin ] --END-- [ RunTime:0.000228s ]
INFO: [ app_end ] --START--
INFO: Run Behavior\ShowPageTraceBehavior [ RunTime:0.000362s ]
INFO: [ app_end ] --END-- [ RunTime:0.000387s ]

[ 2024-05-31T17:41:43+08:00 ] 127.0.0.1 /index.php/home/test/addimg
INFO: [ app_init ] --START--
INFO: Run Behavior\BuildLiteBehavior [ RunTime:0.000002s ]
INFO: [ app_init ] --END-- [ RunTime:0.000108s ]
INFO: [ app_begin ] --START--
INFO: Run Behavior\ReadHtmlCacheBehavior [ RunTime:0.000145s ]
INFO: [ app_begin ] --END-- [ RunTime:0.000154s ]
INFO: [ app_end ] --START--
INFO: Run Behavior\ShowPageTraceBehavior [ RunTime:0.000325s ]
INFO: [ app_end ] --END-- [ RunTime:0.000349s ]

[ 2024-05-31T17:42:05+08:00 ] 127.0.0.1 /index.php/home/test/addimg
INFO: [ app_init ] --START--
INFO: Run Behavior\BuildLiteBehavior [ RunTime:0.000004s ]
INFO: [ app_init ] --END-- [ RunTime:0.000153s ]
INFO: [ app_begin ] --START--
INFO: Run Behavior\ReadHtmlCacheBehavior [ RunTime:0.000165s ]
INFO: [ app_begin ] --END-- [ RunTime:0.000173s ]
INFO: [ app_end ] --START--
INFO: Run Behavior\ShowPageTraceBehavior [ RunTime:0.000344s ]
INFO: [ app_end ] --END-- [ RunTime:0.000367s ]

[ 2024-05-31T17:43:09+08:00 ] 127.0.0.1 /index.php/home/test/addimg
INFO: [ app_init ] --START--
INFO: Run Behavior\BuildLiteBehavior [ RunTime:0.000003s ]
INFO: [ app_init ] --END-- [ RunTime:0.000143s ]
INFO: [ app_begin ] --START--
INFO: Run Behavior\ReadHtmlCacheBehavior [ RunTime:0.000162s ]
INFO: [ app_begin ] --END-- [ RunTime:0.000171s ]
INFO: [ app_end ] --START--
INFO: Run Behavior\ShowPageTraceBehavior [ RunTime:0.000469s ]
INFO: [ app_end ] --END-- [ RunTime:0.000505s ]

[ 2024-05-31T17:44:36+08:00 ] 127.0.0.1 /index.php/home/test/addimg
INFO: [ app_init ] --START--
INFO: Run Behavior\BuildLiteBehavior [ RunTime:0.000003s ]
INFO: [ app_init ] --END-- [ RunTime:0.000151s ]
INFO: [ app_begin ] --START--
INFO: Run Behavior\ReadHtmlCacheBehavior [ RunTime:0.000162s ]
INFO: [ app_begin ] --END-- [ RunTime:0.000173s ]
INFO: [ app_end ] --START--
INFO: Run Behavior\ShowPageTraceBehavior [ RunTime:0.000348s ]
INFO: [ app_end ] --END-- [ RunTime:0.000372s ]

