
 图片数据 时间 2024-05-08 16:14:06 
[] 

 图片数据 时间 2024-05-08 16:15:20 
[] 

 图片数据 时间 2024-05-08 16:16:52 
{
    "2": {
        "img": ".\/Img\/LOL\/2024425111112.jpg"
    },
    "3": {
        "img": ".\/Img\/LOL\/2024425111138.jpg"
    },
    "4": {
        "img": ".\/Img\/LOL\/2024425111143.jpg"
    },
    "5": {
        "img": ".\/Img\/LOL\/2024425111172.jpg"
    },
    "6": {
        "img": ".\/Img\/LOL\/2024425111210.jpg"
    },
    "7": {
        "img": ".\/Img\/LOL\/2024425111256.jpg"
    },
    "8": {
        "img": ".\/Img\/LOL\/2024425111262.jpg"
    },
    "9": {
        "img": ".\/Img\/LOL\/2024425111300.jpg"
    }
} 

 图片数据 时间 2024-05-08 16:17:23 
{
    "2": {
        "img": "\/Img\/LOL\/2024425111112.jpg"
    },
    "3": {
        "img": "\/Img\/LOL\/2024425111138.jpg"
    },
    "4": {
        "img": "\/Img\/LOL\/2024425111143.jpg"
    },
    "5": {
        "img": "\/Img\/LOL\/2024425111172.jpg"
    },
    "6": {
        "img": "\/Img\/LOL\/2024425111210.jpg"
    },
    "7": {
        "img": "\/Img\/LOL\/2024425111256.jpg"
    },
    "8": {
        "img": "\/Img\/LOL\/2024425111262.jpg"
    },
    "9": {
        "img": "\/Img\/LOL\/2024425111300.jpg"
    }
} 
